[2024-05-15 07:12:40] local.ERROR: Route [employees.index] not defined. {"view":{"view":"C:\\Users\\asus\\OneDrive\\Documents\\3. Tel-U Surabaya\\- Codes\\Semester 4 - Bootstrap - Pemrograman Framework\\Week-5\\Modul-4\\resources\\views\\home.blade.php","data":{"errors":"<pre class=sf-dump id=sf-dump-1747394891 data-indent-pad=\"  \"><span class=sf-dump-note>Illuminate\\Support\\ViewErrorBag</span> {<a class=sf-dump-ref>#288</a><samp data-depth=1 class=sf-dump-expanded>
  #<span class=sf-dump-protected title=\"Protected property\">bags</span>: []
</samp>}
</pre><script>Sfdump(\"sf-dump-1747394891\", {\"maxDepth\":3,\"maxStringLength\":160})</script>
","pageTitle":"<pre class=sf-dump id=sf-dump-329057707 data-indent-pad=\"  \">\"<span class=sf-dump-str title=\"4 characters\">Home</span>\"
</pre><script>Sfdump(\"sf-dump-329057707\", {\"maxDepth\":3,\"maxStringLength\":160})</script>
"}},"exception":"[object] (Spatie\\LaravelIgnition\\Exceptions\\ViewException(code: 0): Route [employees.index] not defined. at C:\\Users\\asus\\OneDrive\\Documents\\3. Tel-U Surabaya\\- Codes\\Semester 4 - Bootstrap - Pemrograman Framework\\Week-5\\Modul-4\\vendor\\laravel\\framework\\src\\Illuminate\\Routing\\UrlGenerator.php:477)
[stacktrace]
#0 C:\\Users\\asus\\OneDrive\\Documents\\3. Tel-U Surabaya\\- Codes\\Semester 4 - Bootstrap - Pemrograman Framework\\Week-5\\Modul-4\\vendor\\laravel\\framework\\src\\Illuminate\\Foundation\\helpers.php(811): Illuminate\\Routing\\UrlGenerator->route('employees.index', Array, true)
#1 C:\\Users\\asus\\OneDrive\\Documents\\3. Tel-U Surabaya\\- Codes\\Semester 4 - Bootstrap - Pemrograman Framework\\Week-5\\Modul-4\\resources\\views\\home.blade.php(23): route('employees.index')
#2 C:\\Users\\asus\\OneDrive\\Documents\\3. Tel-U Surabaya\\- Codes\\Semester 4 - Bootstrap - Pemrograman Framework\\Week-5\\Modul-4\\vendor\\laravel\\framework\\src\\Illuminate\\Filesystem\\Filesystem.php(123): require('C:\\\\Users\\\\asus\\\\O...')
#3 C:\\Users\\asus\\OneDrive\\Documents\\3. Tel-U Surabaya\\- Codes\\Semester 4 - Bootstrap - Pemrograman Framework\\Week-5\\Modul-4\\vendor\\laravel\\framework\\src\\Illuminate\\Filesystem\\Filesystem.php(124): Illuminate\\Filesystem\\Filesystem::Illuminate\\Filesystem\\{closure}()
#4 C:\\Users\\asus\\OneDrive\\Documents\\3. Tel-U Surabaya\\- Codes\\Semester 4 - Bootstrap - Pemrograman Framework\\Week-5\\Modul-4\\vendor\\laravel\\framework\\src\\Illuminate\\View\\Engines\\PhpEngine.php(58): Illuminate\\Filesystem\\Filesystem->getRequire('C:\\\\Users\\\\asus\\\\O...', Array)
#5 C:\\Users\\asus\\OneDrive\\Documents\\3. Tel-U Surabaya\\- Codes\\Semester 4 - Bootstrap - Pemrograman Framework\\Week-5\\Modul-4\\vendor\\laravel\\framework\\src\\Illuminate\\View\\Engines\\CompilerEngine.php(72): Illuminate\\View\\Engines\\PhpEngine->evaluatePath('C:\\\\Users\\\\asus\\\\O...', Array)
#6 C:\\Users\\asus\\OneDrive\\Documents\\3. Tel-U Surabaya\\- Codes\\Semester 4 - Bootstrap - Pemrograman Framework\\Week-5\\Modul-4\\vendor\\laravel\\framework\\src\\Illuminate\\View\\View.php(207): Illuminate\\View\\Engines\\CompilerEngine->get('C:\\\\Users\\\\asus\\\\O...', Array)
#7 C:\\Users\\asus\\OneDrive\\Documents\\3. Tel-U Surabaya\\- Codes\\Semester 4 - Bootstrap - Pemrograman Framework\\Week-5\\Modul-4\\vendor\\laravel\\framework\\src\\Illuminate\\View\\View.php(190): Illuminate\\View\\View->getContents()
#8 C:\\Users\\asus\\OneDrive\\Documents\\3. Tel-U Surabaya\\- Codes\\Semester 4 - Bootstrap - Pemrograman Framework\\Week-5\\Modul-4\\vendor\\laravel\\framework\\src\\Illuminate\\View\\View.php(159): Illuminate\\View\\View->renderContents()
#9 C:\\Users\\asus\\OneDrive\\Documents\\3. Tel-U Surabaya\\- Codes\\Semester 4 - Bootstrap - Pemrograman Framework\\Week-5\\Modul-4\\vendor\\laravel\\framework\\src\\Illuminate\\Http\\Response.php(69): Illuminate\\View\\View->render()
#10 C:\\Users\\asus\\OneDrive\\Documents\\3. Tel-U Surabaya\\- Codes\\Semester 4 - Bootstrap - Pemrograman Framework\\Week-5\\Modul-4\\vendor\\laravel\\framework\\src\\Illuminate\\Http\\Response.php(35): Illuminate\\Http\\Response->setContent(Object(Illuminate\\View\\View))
#11 C:\\Users\\asus\\OneDrive\\Documents\\3. Tel-U Surabaya\\- Codes\\Semester 4 - Bootstrap - Pemrograman Framework\\Week-5\\Modul-4\\vendor\\laravel\\framework\\src\\Illuminate\\Routing\\Router.php(918): Illuminate\\Http\\Response->__construct(Object(Illuminate\\View\\View), 200, Array)
#12 C:\\Users\\asus\\OneDrive\\Documents\\3. Tel-U Surabaya\\- Codes\\Semester 4 - Bootstrap - Pemrograman Framework\\Week-5\\Modul-4\\vendor\\laravel\\framework\\src\\Illuminate\\Routing\\Router.php(885): Illuminate\\Routing\\Router::toResponse(Object(Illuminate\\Http\\Request), Object(Illuminate\\View\\View))
#13 C:\\Users\\asus\\OneDrive\\Documents\\3. Tel-U Surabaya\\- Codes\\Semester 4 - Bootstrap - Pemrograman Framework\\Week-5\\Modul-4\\vendor\\laravel\\framework\\src\\Illuminate\\Routing\\Router.php(805): Illuminate\\Routing\\Router->prepareResponse(Object(Illuminate\\Http\\Request), Object(Illuminate\\View\\View))
#14 C:\\Users\\asus\\OneDrive\\Documents\\3. Tel-U Surabaya\\- Codes\\Semester 4 - Bootstrap - Pemrograman Framework\\Week-5\\Modul-4\\vendor\\laravel\\framework\\src\\Illuminate\\Pipeline\\Pipeline.php(144): Illuminate\\Routing\\Router->Illuminate\\Routing\\{closure}(Object(Illuminate\\Http\\Request))
#15 C:\\Users\\asus\\OneDrive\\Documents\\3. Tel-U Surabaya\\- Codes\\Semester 4 - Bootstrap - Pemrograman Framework\\Week-5\\Modul-4\\vendor\\laravel\\framework\\src\\Illuminate\\Routing\\Middleware\\SubstituteBindings.php(50): Illuminate\\Pipeline\\Pipeline->Illuminate\\Pipeline\\{closure}(Object(Illuminate\\Http\\Request))
#16 C:\\Users\\asus\\OneDrive\\Documents\\3. Tel-U Surabaya\\- Codes\\Semester 4 - Bootstrap - Pemrograman Framework\\Week-5\\Modul-4\\vendor\\laravel\\framework\\src\\Illuminate\\Pipeline\\Pipeline.php(183): Illuminate\\Routing\\Middleware\\SubstituteBindings->handle(Object(Illuminate\\Http\\Request), Object(Closure))
#17 C:\\Users\\asus\\OneDrive\\Documents\\3. Tel-U Surabaya\\- Codes\\Semester 4 - Bootstrap - Pemrograman Framework\\Week-5\\Modul-4\\vendor\\laravel\\framework\\src\\Illuminate\\Foundation\\Http\\Middleware\\VerifyCsrfToken.php(78): Illuminate\\Pipeline\\Pipeline->Illuminate\\Pipeline\\{closure}(Object(Illuminate\\Http\\Request))
#18 C:\\Users\\asus\\OneDrive\\Documents\\3. Tel-U Surabaya\\- Codes\\Semester 4 - Bootstrap - Pemrograman Framework\\Week-5\\Modul-4\\vendor\\laravel\\framework\\src\\Illuminate\\Pipeline\\Pipeline.php(183): Illuminate\\Foundation\\Http\\Middleware\\VerifyCsrfToken->handle(Object(Illuminate\\Http\\Request), Object(Closure))
#19 C:\\Users\\asus\\OneDrive\\Documents\\3. Tel-U Surabaya\\- Codes\\Semester 4 - Bootstrap - Pemrograman Framework\\Week-5\\Modul-4\\vendor\\laravel\\framework\\src\\Illuminate\\View\\Middleware\\ShareErrorsFromSession.php(49): Illuminate\\Pipeline\\Pipeline->Illuminate\\Pipeline\\{closure}(Object(Illuminate\\Http\\Request))
#20 C:\\Users\\asus\\OneDrive\\Documents\\3. Tel-U Surabaya\\- Codes\\Semester 4 - Bootstrap - Pemrograman Framework\\Week-5\\Modul-4\\vendor\\laravel\\framework\\src\\Illuminate\\Pipeline\\Pipeline.php(183): Illuminate\\View\\Middleware\\ShareErrorsFromSession->handle(Object(Illuminate\\Http\\Request), Object(Closure))
#21 C:\\Users\\asus\\OneDrive\\Documents\\3. Tel-U Surabaya\\- Codes\\Semester 4 - Bootstrap - Pemrograman Framework\\Week-5\\Modul-4\\vendor\\laravel\\framework\\src\\Illuminate\\Session\\Middleware\\StartSession.php(121): Illuminate\\Pipeline\\Pipeline->Illuminate\\Pipeline\\{closure}(Object(Illuminate\\Http\\Request))
#22 C:\\Users\\asus\\OneDrive\\Documents\\3. Tel-U Surabaya\\- Codes\\Semester 4 - Bootstrap - Pemrograman Framework\\Week-5\\Modul-4\\vendor\\laravel\\framework\\src\\Illuminate\\Session\\Middleware\\StartSession.php(64): Illuminate\\Session\\Middleware\\StartSession->handleStatefulRequest(Object(Illuminate\\Http\\Request), Object(Illuminate\\Session\\Store), Object(Closure))
#23 C:\\Users\\asus\\OneDrive\\Documents\\3. Tel-U Surabaya\\- Codes\\Semester 4 - Bootstrap - Pemrograman Framework\\Week-5\\Modul-4\\vendor\\laravel\\framework\\src\\Illuminate\\Pipeline\\Pipeline.php(183): Illuminate\\Session\\Middleware\\StartSession->handle(Object(Illuminate\\Http\\Request), Object(Closure))
#24 C:\\Users\\asus\\OneDrive\\Documents\\3. Tel-U Surabaya\\- Codes\\Semester 4 - Bootstrap - Pemrograman Framework\\Week-5\\Modul-4\\vendor\\laravel\\framework\\src\\Illuminate\\Cookie\\Middleware\\AddQueuedCookiesToResponse.php(37): Illuminate\\Pipeline\\Pipeline->Illuminate\\Pipeline\\{closure}(Object(Illuminate\\Http\\Request))
#25 C:\\Users\\asus\\OneDrive\\Documents\\3. Tel-U Surabaya\\- Codes\\Semester 4 - Bootstrap - Pemrograman Framework\\Week-5\\Modul-4\\vendor\\laravel\\framework\\src\\Illuminate\\Pipeline\\Pipeline.php(183): Illuminate\\Cookie\\Middleware\\AddQueuedCookiesToResponse->handle(Object(Illuminate\\Http\\Request), Object(Closure))
#26 C:\\Users\\asus\\OneDrive\\Documents\\3. Tel-U Surabaya\\- Codes\\Semester 4 - Bootstrap - Pemrograman Framework\\Week-5\\Modul-4\\vendor\\laravel\\framework\\src\\Illuminate\\Cookie\\Middleware\\EncryptCookies.php(67): Illuminate\\Pipeline\\Pipeline->Illuminate\\Pipeline\\{closure}(Object(Illuminate\\Http\\Request))
#27 C:\\Users\\asus\\OneDrive\\Documents\\3. Tel-U Surabaya\\- Codes\\Semester 4 - Bootstrap - Pemrograman Framework\\Week-5\\Modul-4\\vendor\\laravel\\framework\\src\\Illuminate\\Pipeline\\Pipeline.php(183): Illuminate\\Cookie\\Middleware\\EncryptCookies->handle(Object(Illuminate\\Http\\Request), Object(Closure))
#28 C:\\Users\\asus\\OneDrive\\Documents\\3. Tel-U Surabaya\\- Codes\\Semester 4 - Bootstrap - Pemrograman Framework\\Week-5\\Modul-4\\vendor\\laravel\\framework\\src\\Illuminate\\Pipeline\\Pipeline.php(119): Illuminate\\Pipeline\\Pipeline->Illuminate\\Pipeline\\{closure}(Object(Illuminate\\Http\\Request))
#29 C:\\Users\\asus\\OneDrive\\Documents\\3. Tel-U Surabaya\\- Codes\\Semester 4 - Bootstrap - Pemrograman Framework\\Week-5\\Modul-4\\vendor\\laravel\\framework\\src\\Illuminate\\Routing\\Router.php(805): Illuminate\\Pipeline\\Pipeline->then(Object(Closure))
#30 C:\\Users\\asus\\OneDrive\\Documents\\3. Tel-U Surabaya\\- Codes\\Semester 4 - Bootstrap - Pemrograman Framework\\Week-5\\Modul-4\\vendor\\laravel\\framework\\src\\Illuminate\\Routing\\Router.php(784): Illuminate\\Routing\\Router->runRouteWithinStack(Object(Illuminate\\Routing\\Route), Object(Illuminate\\Http\\Request))
#31 C:\\Users\\asus\\OneDrive\\Documents\\3. Tel-U Surabaya\\- Codes\\Semester 4 - Bootstrap - Pemrograman Framework\\Week-5\\Modul-4\\vendor\\laravel\\framework\\src\\Illuminate\\Routing\\Router.php(748): Illuminate\\Routing\\Router->runRoute(Object(Illuminate\\Http\\Request), Object(Illuminate\\Routing\\Route))
#32 C:\\Users\\asus\\OneDrive\\Documents\\3. Tel-U Surabaya\\- Codes\\Semester 4 - Bootstrap - Pemrograman Framework\\Week-5\\Modul-4\\vendor\\laravel\\framework\\src\\Illuminate\\Routing\\Router.php(737): Illuminate\\Routing\\Router->dispatchToRoute(Object(Illuminate\\Http\\Request))
#33 C:\\Users\\asus\\OneDrive\\Documents\\3. Tel-U Surabaya\\- Codes\\Semester 4 - Bootstrap - Pemrograman Framework\\Week-5\\Modul-4\\vendor\\laravel\\framework\\src\\Illuminate\\Foundation\\Http\\Kernel.php(200): Illuminate\\Routing\\Router->dispatch(Object(Illuminate\\Http\\Request))
#34 C:\\Users\\asus\\OneDrive\\Documents\\3. Tel-U Surabaya\\- Codes\\Semester 4 - Bootstrap - Pemrograman Framework\\Week-5\\Modul-4\\vendor\\laravel\\framework\\src\\Illuminate\\Pipeline\\Pipeline.php(144): Illuminate\\Foundation\\Http\\Kernel->Illuminate\\Foundation\\Http\\{closure}(Object(Illuminate\\Http\\Request))
#35 C:\\Users\\asus\\OneDrive\\Documents\\3. Tel-U Surabaya\\- Codes\\Semester 4 - Bootstrap - Pemrograman Framework\\Week-5\\Modul-4\\vendor\\laravel\\framework\\src\\Illuminate\\Foundation\\Http\\Middleware\\TransformsRequest.php(21): Illuminate\\Pipeline\\Pipeline->Illuminate\\Pipeline\\{closure}(Object(Illuminate\\Http\\Request))
#36 C:\\Users\\asus\\OneDrive\\Documents\\3. Tel-U Surabaya\\- Codes\\Semester 4 - Bootstrap - Pemrograman Framework\\Week-5\\Modul-4\\vendor\\laravel\\framework\\src\\Illuminate\\Foundation\\Http\\Middleware\\ConvertEmptyStringsToNull.php(31): Illuminate\\Foundation\\Http\\Middleware\\TransformsRequest->handle(Object(Illuminate\\Http\\Request), Object(Closure))
#37 C:\\Users\\asus\\OneDrive\\Documents\\3. Tel-U Surabaya\\- Codes\\Semester 4 - Bootstrap - Pemrograman Framework\\Week-5\\Modul-4\\vendor\\laravel\\framework\\src\\Illuminate\\Pipeline\\Pipeline.php(183): Illuminate\\Foundation\\Http\\Middleware\\ConvertEmptyStringsToNull->handle(Object(Illuminate\\Http\\Request), Object(Closure))
#38 C:\\Users\\asus\\OneDrive\\Documents\\3. Tel-U Surabaya\\- Codes\\Semester 4 - Bootstrap - Pemrograman Framework\\Week-5\\Modul-4\\vendor\\laravel\\framework\\src\\Illuminate\\Foundation\\Http\\Middleware\\TransformsRequest.php(21): Illuminate\\Pipeline\\Pipeline->Illuminate\\Pipeline\\{closure}(Object(Illuminate\\Http\\Request))
#39 C:\\Users\\asus\\OneDrive\\Documents\\3. Tel-U Surabaya\\- Codes\\Semester 4 - Bootstrap - Pemrograman Framework\\Week-5\\Modul-4\\vendor\\laravel\\framework\\src\\Illuminate\\Foundation\\Http\\Middleware\\TrimStrings.php(40): Illuminate\\Foundation\\Http\\Middleware\\TransformsRequest->handle(Object(Illuminate\\Http\\Request), Object(Closure))
#40 C:\\Users\\asus\\OneDrive\\Documents\\3. Tel-U Surabaya\\- Codes\\Semester 4 - Bootstrap - Pemrograman Framework\\Week-5\\Modul-4\\vendor\\laravel\\framework\\src\\Illuminate\\Pipeline\\Pipeline.php(183): Illuminate\\Foundation\\Http\\Middleware\\TrimStrings->handle(Object(Illuminate\\Http\\Request), Object(Closure))
#41 C:\\Users\\asus\\OneDrive\\Documents\\3. Tel-U Surabaya\\- Codes\\Semester 4 - Bootstrap - Pemrograman Framework\\Week-5\\Modul-4\\vendor\\laravel\\framework\\src\\Illuminate\\Foundation\\Http\\Middleware\\ValidatePostSize.php(27): Illuminate\\Pipeline\\Pipeline->Illuminate\\Pipeline\\{closure}(Object(Illuminate\\Http\\Request))
#42 C:\\Users\\asus\\OneDrive\\Documents\\3. Tel-U Surabaya\\- Codes\\Semester 4 - Bootstrap - Pemrograman Framework\\Week-5\\Modul-4\\vendor\\laravel\\framework\\src\\Illuminate\\Pipeline\\Pipeline.php(183): Illuminate\\Foundation\\Http\\Middleware\\ValidatePostSize->handle(Object(Illuminate\\Http\\Request), Object(Closure))
#43 C:\\Users\\asus\\OneDrive\\Documents\\3. Tel-U Surabaya\\- Codes\\Semester 4 - Bootstrap - Pemrograman Framework\\Week-5\\Modul-4\\vendor\\laravel\\framework\\src\\Illuminate\\Foundation\\Http\\Middleware\\PreventRequestsDuringMaintenance.php(99): Illuminate\\Pipeline\\Pipeline->Illuminate\\Pipeline\\{closure}(Object(Illuminate\\Http\\Request))
#44 C:\\Users\\asus\\OneDrive\\Documents\\3. Tel-U Surabaya\\- Codes\\Semester 4 - Bootstrap - Pemrograman Framework\\Week-5\\Modul-4\\vendor\\laravel\\framework\\src\\Illuminate\\Pipeline\\Pipeline.php(183): Illuminate\\Foundation\\Http\\Middleware\\PreventRequestsDuringMaintenance->handle(Object(Illuminate\\Http\\Request), Object(Closure))
#45 C:\\Users\\asus\\OneDrive\\Documents\\3. Tel-U Surabaya\\- Codes\\Semester 4 - Bootstrap - Pemrograman Framework\\Week-5\\Modul-4\\vendor\\laravel\\framework\\src\\Illuminate\\Http\\Middleware\\HandleCors.php(49): Illuminate\\Pipeline\\Pipeline->Illuminate\\Pipeline\\{closure}(Object(Illuminate\\Http\\Request))
#46 C:\\Users\\asus\\OneDrive\\Documents\\3. Tel-U Surabaya\\- Codes\\Semester 4 - Bootstrap - Pemrograman Framework\\Week-5\\Modul-4\\vendor\\laravel\\framework\\src\\Illuminate\\Pipeline\\Pipeline.php(183): Illuminate\\Http\\Middleware\\HandleCors->handle(Object(Illuminate\\Http\\Request), Object(Closure))
#47 C:\\Users\\asus\\OneDrive\\Documents\\3. Tel-U Surabaya\\- Codes\\Semester 4 - Bootstrap - Pemrograman Framework\\Week-5\\Modul-4\\vendor\\laravel\\framework\\src\\Illuminate\\Http\\Middleware\\TrustProxies.php(39): Illuminate\\Pipeline\\Pipeline->Illuminate\\Pipeline\\{closure}(Object(Illuminate\\Http\\Request))
#48 C:\\Users\\asus\\OneDrive\\Documents\\3. Tel-U Surabaya\\- Codes\\Semester 4 - Bootstrap - Pemrograman Framework\\Week-5\\Modul-4\\vendor\\laravel\\framework\\src\\Illuminate\\Pipeline\\Pipeline.php(183): Illuminate\\Http\\Middleware\\TrustProxies->handle(Object(Illuminate\\Http\\Request), Object(Closure))
#49 C:\\Users\\asus\\OneDrive\\Documents\\3. Tel-U Surabaya\\- Codes\\Semester 4 - Bootstrap - Pemrograman Framework\\Week-5\\Modul-4\\vendor\\laravel\\framework\\src\\Illuminate\\Pipeline\\Pipeline.php(119): Illuminate\\Pipeline\\Pipeline->Illuminate\\Pipeline\\{closure}(Object(Illuminate\\Http\\Request))
#50 C:\\Users\\asus\\OneDrive\\Documents\\3. Tel-U Surabaya\\- Codes\\Semester 4 - Bootstrap - Pemrograman Framework\\Week-5\\Modul-4\\vendor\\laravel\\framework\\src\\Illuminate\\Foundation\\Http\\Kernel.php(175): Illuminate\\Pipeline\\Pipeline->then(Object(Closure))
#51 C:\\Users\\asus\\OneDrive\\Documents\\3. Tel-U Surabaya\\- Codes\\Semester 4 - Bootstrap - Pemrograman Framework\\Week-5\\Modul-4\\vendor\\laravel\\framework\\src\\Illuminate\\Foundation\\Http\\Kernel.php(144): Illuminate\\Foundation\\Http\\Kernel->sendRequestThroughRouter(Object(Illuminate\\Http\\Request))
#52 C:\\Users\\asus\\OneDrive\\Documents\\3. Tel-U Surabaya\\- Codes\\Semester 4 - Bootstrap - Pemrograman Framework\\Week-5\\Modul-4\\public\\index.php(51): Illuminate\\Foundation\\Http\\Kernel->handle(Object(Illuminate\\Http\\Request))
#53 C:\\Users\\asus\\OneDrive\\Documents\\3. Tel-U Surabaya\\- Codes\\Semester 4 - Bootstrap - Pemrograman Framework\\Week-5\\Modul-4\\vendor\\laravel\\framework\\src\\Illuminate\\Foundation\\resources\\server.php(16): require_once('C:\\\\Users\\\\asus\\\\O...')
#54 {main}

[previous exception] [object] (Symfony\\Component\\Routing\\Exception\\RouteNotFoundException(code: 0): Route [employees.index] not defined. at C:\\Users\\asus\\OneDrive\\Documents\\3. Tel-U Surabaya\\- Codes\\Semester 4 - Bootstrap - Pemrograman Framework\\Week-5\\Modul-4\\vendor\\laravel\\framework\\src\\Illuminate\\Routing\\UrlGenerator.php:477)
[stacktrace]
#0 C:\\Users\\asus\\OneDrive\\Documents\\3. Tel-U Surabaya\\- Codes\\Semester 4 - Bootstrap - Pemrograman Framework\\Week-5\\Modul-4\\vendor\\laravel\\framework\\src\\Illuminate\\Foundation\\helpers.php(811): Illuminate\\Routing\\UrlGenerator->route('employees.index', Array, true)
#1 C:\\Users\\asus\\OneDrive\\Documents\\3. Tel-U Surabaya\\- Codes\\Semester 4 - Bootstrap - Pemrograman Framework\\Week-5\\Modul-4\\storage\\framework\\views\\2b2acd283ed491ee245848e96770d4c2.php(23): route('employees.index')
#2 C:\\Users\\asus\\OneDrive\\Documents\\3. Tel-U Surabaya\\- Codes\\Semester 4 - Bootstrap - Pemrograman Framework\\Week-5\\Modul-4\\vendor\\laravel\\framework\\src\\Illuminate\\Filesystem\\Filesystem.php(123): require('C:\\\\Users\\\\asus\\\\O...')
#3 C:\\Users\\asus\\OneDrive\\Documents\\3. Tel-U Surabaya\\- Codes\\Semester 4 - Bootstrap - Pemrograman Framework\\Week-5\\Modul-4\\vendor\\laravel\\framework\\src\\Illuminate\\Filesystem\\Filesystem.php(124): Illuminate\\Filesystem\\Filesystem::Illuminate\\Filesystem\\{closure}()
#4 C:\\Users\\asus\\OneDrive\\Documents\\3. Tel-U Surabaya\\- Codes\\Semester 4 - Bootstrap - Pemrograman Framework\\Week-5\\Modul-4\\vendor\\laravel\\framework\\src\\Illuminate\\View\\Engines\\PhpEngine.php(58): Illuminate\\Filesystem\\Filesystem->getRequire('C:\\\\Users\\\\asus\\\\O...', Array)
#5 C:\\Users\\asus\\OneDrive\\Documents\\3. Tel-U Surabaya\\- Codes\\Semester 4 - Bootstrap - Pemrograman Framework\\Week-5\\Modul-4\\vendor\\laravel\\framework\\src\\Illuminate\\View\\Engines\\CompilerEngine.php(72): Illuminate\\View\\Engines\\PhpEngine->evaluatePath('C:\\\\Users\\\\asus\\\\O...', Array)
#6 C:\\Users\\asus\\OneDrive\\Documents\\3. Tel-U Surabaya\\- Codes\\Semester 4 - Bootstrap - Pemrograman Framework\\Week-5\\Modul-4\\vendor\\laravel\\framework\\src\\Illuminate\\View\\View.php(207): Illuminate\\View\\Engines\\CompilerEngine->get('C:\\\\Users\\\\asus\\\\O...', Array)
#7 C:\\Users\\asus\\OneDrive\\Documents\\3. Tel-U Surabaya\\- Codes\\Semester 4 - Bootstrap - Pemrograman Framework\\Week-5\\Modul-4\\vendor\\laravel\\framework\\src\\Illuminate\\View\\View.php(190): Illuminate\\View\\View->getContents()
#8 C:\\Users\\asus\\OneDrive\\Documents\\3. Tel-U Surabaya\\- Codes\\Semester 4 - Bootstrap - Pemrograman Framework\\Week-5\\Modul-4\\vendor\\laravel\\framework\\src\\Illuminate\\View\\View.php(159): Illuminate\\View\\View->renderContents()
#9 C:\\Users\\asus\\OneDrive\\Documents\\3. Tel-U Surabaya\\- Codes\\Semester 4 - Bootstrap - Pemrograman Framework\\Week-5\\Modul-4\\vendor\\laravel\\framework\\src\\Illuminate\\Http\\Response.php(69): Illuminate\\View\\View->render()
#10 C:\\Users\\asus\\OneDrive\\Documents\\3. Tel-U Surabaya\\- Codes\\Semester 4 - Bootstrap - Pemrograman Framework\\Week-5\\Modul-4\\vendor\\laravel\\framework\\src\\Illuminate\\Http\\Response.php(35): Illuminate\\Http\\Response->setContent(Object(Illuminate\\View\\View))
#11 C:\\Users\\asus\\OneDrive\\Documents\\3. Tel-U Surabaya\\- Codes\\Semester 4 - Bootstrap - Pemrograman Framework\\Week-5\\Modul-4\\vendor\\laravel\\framework\\src\\Illuminate\\Routing\\Router.php(918): Illuminate\\Http\\Response->__construct(Object(Illuminate\\View\\View), 200, Array)
#12 C:\\Users\\asus\\OneDrive\\Documents\\3. Tel-U Surabaya\\- Codes\\Semester 4 - Bootstrap - Pemrograman Framework\\Week-5\\Modul-4\\vendor\\laravel\\framework\\src\\Illuminate\\Routing\\Router.php(885): Illuminate\\Routing\\Router::toResponse(Object(Illuminate\\Http\\Request), Object(Illuminate\\View\\View))
#13 C:\\Users\\asus\\OneDrive\\Documents\\3. Tel-U Surabaya\\- Codes\\Semester 4 - Bootstrap - Pemrograman Framework\\Week-5\\Modul-4\\vendor\\laravel\\framework\\src\\Illuminate\\Routing\\Router.php(805): Illuminate\\Routing\\Router->prepareResponse(Object(Illuminate\\Http\\Request), Object(Illuminate\\View\\View))
#14 C:\\Users\\asus\\OneDrive\\Documents\\3. Tel-U Surabaya\\- Codes\\Semester 4 - Bootstrap - Pemrograman Framework\\Week-5\\Modul-4\\vendor\\laravel\\framework\\src\\Illuminate\\Pipeline\\Pipeline.php(144): Illuminate\\Routing\\Router->Illuminate\\Routing\\{closure}(Object(Illuminate\\Http\\Request))
#15 C:\\Users\\asus\\OneDrive\\Documents\\3. Tel-U Surabaya\\- Codes\\Semester 4 - Bootstrap - Pemrograman Framework\\Week-5\\Modul-4\\vendor\\laravel\\framework\\src\\Illuminate\\Routing\\Middleware\\SubstituteBindings.php(50): Illuminate\\Pipeline\\Pipeline->Illuminate\\Pipeline\\{closure}(Object(Illuminate\\Http\\Request))
#16 C:\\Users\\asus\\OneDrive\\Documents\\3. Tel-U Surabaya\\- Codes\\Semester 4 - Bootstrap - Pemrograman Framework\\Week-5\\Modul-4\\vendor\\laravel\\framework\\src\\Illuminate\\Pipeline\\Pipeline.php(183): Illuminate\\Routing\\Middleware\\SubstituteBindings->handle(Object(Illuminate\\Http\\Request), Object(Closure))
#17 C:\\Users\\asus\\OneDrive\\Documents\\3. Tel-U Surabaya\\- Codes\\Semester 4 - Bootstrap - Pemrograman Framework\\Week-5\\Modul-4\\vendor\\laravel\\framework\\src\\Illuminate\\Foundation\\Http\\Middleware\\VerifyCsrfToken.php(78): Illuminate\\Pipeline\\Pipeline->Illuminate\\Pipeline\\{closure}(Object(Illuminate\\Http\\Request))
#18 C:\\Users\\asus\\OneDrive\\Documents\\3. Tel-U Surabaya\\- Codes\\Semester 4 - Bootstrap - Pemrograman Framework\\Week-5\\Modul-4\\vendor\\laravel\\framework\\src\\Illuminate\\Pipeline\\Pipeline.php(183): Illuminate\\Foundation\\Http\\Middleware\\VerifyCsrfToken->handle(Object(Illuminate\\Http\\Request), Object(Closure))
#19 C:\\Users\\asus\\OneDrive\\Documents\\3. Tel-U Surabaya\\- Codes\\Semester 4 - Bootstrap - Pemrograman Framework\\Week-5\\Modul-4\\vendor\\laravel\\framework\\src\\Illuminate\\View\\Middleware\\ShareErrorsFromSession.php(49): Illuminate\\Pipeline\\Pipeline->Illuminate\\Pipeline\\{closure}(Object(Illuminate\\Http\\Request))
#20 C:\\Users\\asus\\OneDrive\\Documents\\3. Tel-U Surabaya\\- Codes\\Semester 4 - Bootstrap - Pemrograman Framework\\Week-5\\Modul-4\\vendor\\laravel\\framework\\src\\Illuminate\\Pipeline\\Pipeline.php(183): Illuminate\\View\\Middleware\\ShareErrorsFromSession->handle(Object(Illuminate\\Http\\Request), Object(Closure))
#21 C:\\Users\\asus\\OneDrive\\Documents\\3. Tel-U Surabaya\\- Codes\\Semester 4 - Bootstrap - Pemrograman Framework\\Week-5\\Modul-4\\vendor\\laravel\\framework\\src\\Illuminate\\Session\\Middleware\\StartSession.php(121): Illuminate\\Pipeline\\Pipeline->Illuminate\\Pipeline\\{closure}(Object(Illuminate\\Http\\Request))
#22 C:\\Users\\asus\\OneDrive\\Documents\\3. Tel-U Surabaya\\- Codes\\Semester 4 - Bootstrap - Pemrograman Framework\\Week-5\\Modul-4\\vendor\\laravel\\framework\\src\\Illuminate\\Session\\Middleware\\StartSession.php(64): Illuminate\\Session\\Middleware\\StartSession->handleStatefulRequest(Object(Illuminate\\Http\\Request), Object(Illuminate\\Session\\Store), Object(Closure))
#23 C:\\Users\\asus\\OneDrive\\Documents\\3. Tel-U Surabaya\\- Codes\\Semester 4 - Bootstrap - Pemrograman Framework\\Week-5\\Modul-4\\vendor\\laravel\\framework\\src\\Illuminate\\Pipeline\\Pipeline.php(183): Illuminate\\Session\\Middleware\\StartSession->handle(Object(Illuminate\\Http\\Request), Object(Closure))
#24 C:\\Users\\asus\\OneDrive\\Documents\\3. Tel-U Surabaya\\- Codes\\Semester 4 - Bootstrap - Pemrograman Framework\\Week-5\\Modul-4\\vendor\\laravel\\framework\\src\\Illuminate\\Cookie\\Middleware\\AddQueuedCookiesToResponse.php(37): Illuminate\\Pipeline\\Pipeline->Illuminate\\Pipeline\\{closure}(Object(Illuminate\\Http\\Request))
#25 C:\\Users\\asus\\OneDrive\\Documents\\3. Tel-U Surabaya\\- Codes\\Semester 4 - Bootstrap - Pemrograman Framework\\Week-5\\Modul-4\\vendor\\laravel\\framework\\src\\Illuminate\\Pipeline\\Pipeline.php(183): Illuminate\\Cookie\\Middleware\\AddQueuedCookiesToResponse->handle(Object(Illuminate\\Http\\Request), Object(Closure))
#26 C:\\Users\\asus\\OneDrive\\Documents\\3. Tel-U Surabaya\\- Codes\\Semester 4 - Bootstrap - Pemrograman Framework\\Week-5\\Modul-4\\vendor\\laravel\\framework\\src\\Illuminate\\Cookie\\Middleware\\EncryptCookies.php(67): Illuminate\\Pipeline\\Pipeline->Illuminate\\Pipeline\\{closure}(Object(Illuminate\\Http\\Request))
#27 C:\\Users\\asus\\OneDrive\\Documents\\3. Tel-U Surabaya\\- Codes\\Semester 4 - Bootstrap - Pemrograman Framework\\Week-5\\Modul-4\\vendor\\laravel\\framework\\src\\Illuminate\\Pipeline\\Pipeline.php(183): Illuminate\\Cookie\\Middleware\\EncryptCookies->handle(Object(Illuminate\\Http\\Request), Object(Closure))
#28 C:\\Users\\asus\\OneDrive\\Documents\\3. Tel-U Surabaya\\- Codes\\Semester 4 - Bootstrap - Pemrograman Framework\\Week-5\\Modul-4\\vendor\\laravel\\framework\\src\\Illuminate\\Pipeline\\Pipeline.php(119): Illuminate\\Pipeline\\Pipeline->Illuminate\\Pipeline\\{closure}(Object(Illuminate\\Http\\Request))
#29 C:\\Users\\asus\\OneDrive\\Documents\\3. Tel-U Surabaya\\- Codes\\Semester 4 - Bootstrap - Pemrograman Framework\\Week-5\\Modul-4\\vendor\\laravel\\framework\\src\\Illuminate\\Routing\\Router.php(805): Illuminate\\Pipeline\\Pipeline->then(Object(Closure))
#30 C:\\Users\\asus\\OneDrive\\Documents\\3. Tel-U Surabaya\\- Codes\\Semester 4 - Bootstrap - Pemrograman Framework\\Week-5\\Modul-4\\vendor\\laravel\\framework\\src\\Illuminate\\Routing\\Router.php(784): Illuminate\\Routing\\Router->runRouteWithinStack(Object(Illuminate\\Routing\\Route), Object(Illuminate\\Http\\Request))
#31 C:\\Users\\asus\\OneDrive\\Documents\\3. Tel-U Surabaya\\- Codes\\Semester 4 - Bootstrap - Pemrograman Framework\\Week-5\\Modul-4\\vendor\\laravel\\framework\\src\\Illuminate\\Routing\\Router.php(748): Illuminate\\Routing\\Router->runRoute(Object(Illuminate\\Http\\Request), Object(Illuminate\\Routing\\Route))
#32 C:\\Users\\asus\\OneDrive\\Documents\\3. Tel-U Surabaya\\- Codes\\Semester 4 - Bootstrap - Pemrograman Framework\\Week-5\\Modul-4\\vendor\\laravel\\framework\\src\\Illuminate\\Routing\\Router.php(737): Illuminate\\Routing\\Router->dispatchToRoute(Object(Illuminate\\Http\\Request))
#33 C:\\Users\\asus\\OneDrive\\Documents\\3. Tel-U Surabaya\\- Codes\\Semester 4 - Bootstrap - Pemrograman Framework\\Week-5\\Modul-4\\vendor\\laravel\\framework\\src\\Illuminate\\Foundation\\Http\\Kernel.php(200): Illuminate\\Routing\\Router->dispatch(Object(Illuminate\\Http\\Request))
#34 C:\\Users\\asus\\OneDrive\\Documents\\3. Tel-U Surabaya\\- Codes\\Semester 4 - Bootstrap - Pemrograman Framework\\Week-5\\Modul-4\\vendor\\laravel\\framework\\src\\Illuminate\\Pipeline\\Pipeline.php(144): Illuminate\\Foundation\\Http\\Kernel->Illuminate\\Foundation\\Http\\{closure}(Object(Illuminate\\Http\\Request))
#35 C:\\Users\\asus\\OneDrive\\Documents\\3. Tel-U Surabaya\\- Codes\\Semester 4 - Bootstrap - Pemrograman Framework\\Week-5\\Modul-4\\vendor\\laravel\\framework\\src\\Illuminate\\Foundation\\Http\\Middleware\\TransformsRequest.php(21): Illuminate\\Pipeline\\Pipeline->Illuminate\\Pipeline\\{closure}(Object(Illuminate\\Http\\Request))
#36 C:\\Users\\asus\\OneDrive\\Documents\\3. Tel-U Surabaya\\- Codes\\Semester 4 - Bootstrap - Pemrograman Framework\\Week-5\\Modul-4\\vendor\\laravel\\framework\\src\\Illuminate\\Foundation\\Http\\Middleware\\ConvertEmptyStringsToNull.php(31): Illuminate\\Foundation\\Http\\Middleware\\TransformsRequest->handle(Object(Illuminate\\Http\\Request), Object(Closure))
#37 C:\\Users\\asus\\OneDrive\\Documents\\3. Tel-U Surabaya\\- Codes\\Semester 4 - Bootstrap - Pemrograman Framework\\Week-5\\Modul-4\\vendor\\laravel\\framework\\src\\Illuminate\\Pipeline\\Pipeline.php(183): Illuminate\\Foundation\\Http\\Middleware\\ConvertEmptyStringsToNull->handle(Object(Illuminate\\Http\\Request), Object(Closure))
#38 C:\\Users\\asus\\OneDrive\\Documents\\3. Tel-U Surabaya\\- Codes\\Semester 4 - Bootstrap - Pemrograman Framework\\Week-5\\Modul-4\\vendor\\laravel\\framework\\src\\Illuminate\\Foundation\\Http\\Middleware\\TransformsRequest.php(21): Illuminate\\Pipeline\\Pipeline->Illuminate\\Pipeline\\{closure}(Object(Illuminate\\Http\\Request))
#39 C:\\Users\\asus\\OneDrive\\Documents\\3. Tel-U Surabaya\\- Codes\\Semester 4 - Bootstrap - Pemrograman Framework\\Week-5\\Modul-4\\vendor\\laravel\\framework\\src\\Illuminate\\Foundation\\Http\\Middleware\\TrimStrings.php(40): Illuminate\\Foundation\\Http\\Middleware\\TransformsRequest->handle(Object(Illuminate\\Http\\Request), Object(Closure))
#40 C:\\Users\\asus\\OneDrive\\Documents\\3. Tel-U Surabaya\\- Codes\\Semester 4 - Bootstrap - Pemrograman Framework\\Week-5\\Modul-4\\vendor\\laravel\\framework\\src\\Illuminate\\Pipeline\\Pipeline.php(183): Illuminate\\Foundation\\Http\\Middleware\\TrimStrings->handle(Object(Illuminate\\Http\\Request), Object(Closure))
#41 C:\\Users\\asus\\OneDrive\\Documents\\3. Tel-U Surabaya\\- Codes\\Semester 4 - Bootstrap - Pemrograman Framework\\Week-5\\Modul-4\\vendor\\laravel\\framework\\src\\Illuminate\\Foundation\\Http\\Middleware\\ValidatePostSize.php(27): Illuminate\\Pipeline\\Pipeline->Illuminate\\Pipeline\\{closure}(Object(Illuminate\\Http\\Request))
#42 C:\\Users\\asus\\OneDrive\\Documents\\3. Tel-U Surabaya\\- Codes\\Semester 4 - Bootstrap - Pemrograman Framework\\Week-5\\Modul-4\\vendor\\laravel\\framework\\src\\Illuminate\\Pipeline\\Pipeline.php(183): Illuminate\\Foundation\\Http\\Middleware\\ValidatePostSize->handle(Object(Illuminate\\Http\\Request), Object(Closure))
#43 C:\\Users\\asus\\OneDrive\\Documents\\3. Tel-U Surabaya\\- Codes\\Semester 4 - Bootstrap - Pemrograman Framework\\Week-5\\Modul-4\\vendor\\laravel\\framework\\src\\Illuminate\\Foundation\\Http\\Middleware\\PreventRequestsDuringMaintenance.php(99): Illuminate\\Pipeline\\Pipeline->Illuminate\\Pipeline\\{closure}(Object(Illuminate\\Http\\Request))
#44 C:\\Users\\asus\\OneDrive\\Documents\\3. Tel-U Surabaya\\- Codes\\Semester 4 - Bootstrap - Pemrograman Framework\\Week-5\\Modul-4\\vendor\\laravel\\framework\\src\\Illuminate\\Pipeline\\Pipeline.php(183): Illuminate\\Foundation\\Http\\Middleware\\PreventRequestsDuringMaintenance->handle(Object(Illuminate\\Http\\Request), Object(Closure))
#45 C:\\Users\\asus\\OneDrive\\Documents\\3. Tel-U Surabaya\\- Codes\\Semester 4 - Bootstrap - Pemrograman Framework\\Week-5\\Modul-4\\vendor\\laravel\\framework\\src\\Illuminate\\Http\\Middleware\\HandleCors.php(49): Illuminate\\Pipeline\\Pipeline->Illuminate\\Pipeline\\{closure}(Object(Illuminate\\Http\\Request))
#46 C:\\Users\\asus\\OneDrive\\Documents\\3. Tel-U Surabaya\\- Codes\\Semester 4 - Bootstrap - Pemrograman Framework\\Week-5\\Modul-4\\vendor\\laravel\\framework\\src\\Illuminate\\Pipeline\\Pipeline.php(183): Illuminate\\Http\\Middleware\\HandleCors->handle(Object(Illuminate\\Http\\Request), Object(Closure))
#47 C:\\Users\\asus\\OneDrive\\Documents\\3. Tel-U Surabaya\\- Codes\\Semester 4 - Bootstrap - Pemrograman Framework\\Week-5\\Modul-4\\vendor\\laravel\\framework\\src\\Illuminate\\Http\\Middleware\\TrustProxies.php(39): Illuminate\\Pipeline\\Pipeline->Illuminate\\Pipeline\\{closure}(Object(Illuminate\\Http\\Request))
#48 C:\\Users\\asus\\OneDrive\\Documents\\3. Tel-U Surabaya\\- Codes\\Semester 4 - Bootstrap - Pemrograman Framework\\Week-5\\Modul-4\\vendor\\laravel\\framework\\src\\Illuminate\\Pipeline\\Pipeline.php(183): Illuminate\\Http\\Middleware\\TrustProxies->handle(Object(Illuminate\\Http\\Request), Object(Closure))
#49 C:\\Users\\asus\\OneDrive\\Documents\\3. Tel-U Surabaya\\- Codes\\Semester 4 - Bootstrap - Pemrograman Framework\\Week-5\\Modul-4\\vendor\\laravel\\framework\\src\\Illuminate\\Pipeline\\Pipeline.php(119): Illuminate\\Pipeline\\Pipeline->Illuminate\\Pipeline\\{closure}(Object(Illuminate\\Http\\Request))
#50 C:\\Users\\asus\\OneDrive\\Documents\\3. Tel-U Surabaya\\- Codes\\Semester 4 - Bootstrap - Pemrograman Framework\\Week-5\\Modul-4\\vendor\\laravel\\framework\\src\\Illuminate\\Foundation\\Http\\Kernel.php(175): Illuminate\\Pipeline\\Pipeline->then(Object(Closure))
#51 C:\\Users\\asus\\OneDrive\\Documents\\3. Tel-U Surabaya\\- Codes\\Semester 4 - Bootstrap - Pemrograman Framework\\Week-5\\Modul-4\\vendor\\laravel\\framework\\src\\Illuminate\\Foundation\\Http\\Kernel.php(144): Illuminate\\Foundation\\Http\\Kernel->sendRequestThroughRouter(Object(Illuminate\\Http\\Request))
#52 C:\\Users\\asus\\OneDrive\\Documents\\3. Tel-U Surabaya\\- Codes\\Semester 4 - Bootstrap - Pemrograman Framework\\Week-5\\Modul-4\\public\\index.php(51): Illuminate\\Foundation\\Http\\Kernel->handle(Object(Illuminate\\Http\\Request))
#53 C:\\Users\\asus\\OneDrive\\Documents\\3. Tel-U Surabaya\\- Codes\\Semester 4 - Bootstrap - Pemrograman Framework\\Week-5\\Modul-4\\vendor\\laravel\\framework\\src\\Illuminate\\Foundation\\resources\\server.php(16): require_once('C:\\\\Users\\\\asus\\\\O...')
#54 {main}
"} 
[2024-05-15 07:13:11] local.ERROR: Invalid route action: [ProfileController]. {"exception":"[object] (UnexpectedValueException(code: 0): Invalid route action: [ProfileController]. at C:\\Users\\asus\\OneDrive\\Documents\\3. Tel-U Surabaya\\- Codes\\Semester 4 - Bootstrap - Pemrograman Framework\\Week-5\\Modul-4\\vendor\\laravel\\framework\\src\\Illuminate\\Routing\\RouteAction.php:92)
[stacktrace]
#0 C:\\Users\\asus\\OneDrive\\Documents\\3. Tel-U Surabaya\\- Codes\\Semester 4 - Bootstrap - Pemrograman Framework\\Week-5\\Modul-4\\vendor\\laravel\\framework\\src\\Illuminate\\Routing\\RouteAction.php(47): Illuminate\\Routing\\RouteAction::makeInvokable('ProfileControll...')
#1 C:\\Users\\asus\\OneDrive\\Documents\\3. Tel-U Surabaya\\- Codes\\Semester 4 - Bootstrap - Pemrograman Framework\\Week-5\\Modul-4\\vendor\\laravel\\framework\\src\\Illuminate\\Routing\\Route.php(191): Illuminate\\Routing\\RouteAction::parse('profile', Array)
#2 C:\\Users\\asus\\OneDrive\\Documents\\3. Tel-U Surabaya\\- Codes\\Semester 4 - Bootstrap - Pemrograman Framework\\Week-5\\Modul-4\\vendor\\laravel\\framework\\src\\Illuminate\\Routing\\Route.php(172): Illuminate\\Routing\\Route->parseAction(Array)
#3 C:\\Users\\asus\\OneDrive\\Documents\\3. Tel-U Surabaya\\- Codes\\Semester 4 - Bootstrap - Pemrograman Framework\\Week-5\\Modul-4\\vendor\\laravel\\framework\\src\\Illuminate\\Routing\\Router.php(669): Illuminate\\Routing\\Route->__construct(Array, 'profile', Array)
#4 C:\\Users\\asus\\OneDrive\\Documents\\3. Tel-U Surabaya\\- Codes\\Semester 4 - Bootstrap - Pemrograman Framework\\Week-5\\Modul-4\\vendor\\laravel\\framework\\src\\Illuminate\\Routing\\Router.php(561): Illuminate\\Routing\\Router->newRoute(Array, 'profile', Array)
#5 C:\\Users\\asus\\OneDrive\\Documents\\3. Tel-U Surabaya\\- Codes\\Semester 4 - Bootstrap - Pemrograman Framework\\Week-5\\Modul-4\\vendor\\laravel\\framework\\src\\Illuminate\\Routing\\Router.php(541): Illuminate\\Routing\\Router->createRoute(Array, 'profile', Array)
#6 C:\\Users\\asus\\OneDrive\\Documents\\3. Tel-U Surabaya\\- Codes\\Semester 4 - Bootstrap - Pemrograman Framework\\Week-5\\Modul-4\\vendor\\laravel\\framework\\src\\Illuminate\\Routing\\Router.php(159): Illuminate\\Routing\\Router->addRoute(Array, 'profile', 'ProfileControll...')
#7 C:\\Users\\asus\\OneDrive\\Documents\\3. Tel-U Surabaya\\- Codes\\Semester 4 - Bootstrap - Pemrograman Framework\\Week-5\\Modul-4\\vendor\\laravel\\framework\\src\\Illuminate\\Support\\Facades\\Facade.php(355): Illuminate\\Routing\\Router->get('profile', 'ProfileControll...')
#8 C:\\Users\\asus\\OneDrive\\Documents\\3. Tel-U Surabaya\\- Codes\\Semester 4 - Bootstrap - Pemrograman Framework\\Week-5\\Modul-4\\routes\\web.php(19): Illuminate\\Support\\Facades\\Facade::__callStatic('get', Array)
#9 C:\\Users\\asus\\OneDrive\\Documents\\3. Tel-U Surabaya\\- Codes\\Semester 4 - Bootstrap - Pemrograman Framework\\Week-5\\Modul-4\\vendor\\laravel\\framework\\src\\Illuminate\\Routing\\RouteFileRegistrar.php(35): require('C:\\\\Users\\\\asus\\\\O...')
#10 C:\\Users\\asus\\OneDrive\\Documents\\3. Tel-U Surabaya\\- Codes\\Semester 4 - Bootstrap - Pemrograman Framework\\Week-5\\Modul-4\\vendor\\laravel\\framework\\src\\Illuminate\\Routing\\Router.php(511): Illuminate\\Routing\\RouteFileRegistrar->register('C:\\\\Users\\\\asus\\\\O...')
#11 C:\\Users\\asus\\OneDrive\\Documents\\3. Tel-U Surabaya\\- Codes\\Semester 4 - Bootstrap - Pemrograman Framework\\Week-5\\Modul-4\\vendor\\laravel\\framework\\src\\Illuminate\\Routing\\Router.php(465): Illuminate\\Routing\\Router->loadRoutes('C:\\\\Users\\\\asus\\\\O...')
#12 C:\\Users\\asus\\OneDrive\\Documents\\3. Tel-U Surabaya\\- Codes\\Semester 4 - Bootstrap - Pemrograman Framework\\Week-5\\Modul-4\\vendor\\laravel\\framework\\src\\Illuminate\\Routing\\RouteRegistrar.php(194): Illuminate\\Routing\\Router->group(Array, 'C:\\\\Users\\\\asus\\\\O...')
#13 C:\\Users\\asus\\OneDrive\\Documents\\3. Tel-U Surabaya\\- Codes\\Semester 4 - Bootstrap - Pemrograman Framework\\Week-5\\Modul-4\\app\\Providers\\RouteServiceProvider.php(35): Illuminate\\Routing\\RouteRegistrar->group('C:\\\\Users\\\\asus\\\\O...')
#14 C:\\Users\\asus\\OneDrive\\Documents\\3. Tel-U Surabaya\\- Codes\\Semester 4 - Bootstrap - Pemrograman Framework\\Week-5\\Modul-4\\vendor\\laravel\\framework\\src\\Illuminate\\Container\\BoundMethod.php(36): App\\Providers\\RouteServiceProvider->App\\Providers\\{closure}()
#15 C:\\Users\\asus\\OneDrive\\Documents\\3. Tel-U Surabaya\\- Codes\\Semester 4 - Bootstrap - Pemrograman Framework\\Week-5\\Modul-4\\vendor\\laravel\\framework\\src\\Illuminate\\Container\\Util.php(41): Illuminate\\Container\\BoundMethod::Illuminate\\Container\\{closure}()
#16 C:\\Users\\asus\\OneDrive\\Documents\\3. Tel-U Surabaya\\- Codes\\Semester 4 - Bootstrap - Pemrograman Framework\\Week-5\\Modul-4\\vendor\\laravel\\framework\\src\\Illuminate\\Container\\BoundMethod.php(81): Illuminate\\Container\\Util::unwrapIfClosure(Object(Closure))
#17 C:\\Users\\asus\\OneDrive\\Documents\\3. Tel-U Surabaya\\- Codes\\Semester 4 - Bootstrap - Pemrograman Framework\\Week-5\\Modul-4\\vendor\\laravel\\framework\\src\\Illuminate\\Container\\BoundMethod.php(35): Illuminate\\Container\\BoundMethod::callBoundMethod(Object(Illuminate\\Foundation\\Application), Object(Closure), Object(Closure))
#18 C:\\Users\\asus\\OneDrive\\Documents\\3. Tel-U Surabaya\\- Codes\\Semester 4 - Bootstrap - Pemrograman Framework\\Week-5\\Modul-4\\vendor\\laravel\\framework\\src\\Illuminate\\Container\\Container.php(662): Illuminate\\Container\\BoundMethod::call(Object(Illuminate\\Foundation\\Application), Object(Closure), Array, NULL)
#19 C:\\Users\\asus\\OneDrive\\Documents\\3. Tel-U Surabaya\\- Codes\\Semester 4 - Bootstrap - Pemrograman Framework\\Week-5\\Modul-4\\vendor\\laravel\\framework\\src\\Illuminate\\Foundation\\Support\\Providers\\RouteServiceProvider.php(120): Illuminate\\Container\\Container->call(Object(Closure))
#20 C:\\Users\\asus\\OneDrive\\Documents\\3. Tel-U Surabaya\\- Codes\\Semester 4 - Bootstrap - Pemrograman Framework\\Week-5\\Modul-4\\vendor\\laravel\\framework\\src\\Illuminate\\Foundation\\Support\\Providers\\RouteServiceProvider.php(45): Illuminate\\Foundation\\Support\\Providers\\RouteServiceProvider->loadRoutes()
#21 C:\\Users\\asus\\OneDrive\\Documents\\3. Tel-U Surabaya\\- Codes\\Semester 4 - Bootstrap - Pemrograman Framework\\Week-5\\Modul-4\\vendor\\laravel\\framework\\src\\Illuminate\\Container\\BoundMethod.php(36): Illuminate\\Foundation\\Support\\Providers\\RouteServiceProvider->Illuminate\\Foundation\\Support\\Providers\\{closure}()
#22 C:\\Users\\asus\\OneDrive\\Documents\\3. Tel-U Surabaya\\- Codes\\Semester 4 - Bootstrap - Pemrograman Framework\\Week-5\\Modul-4\\vendor\\laravel\\framework\\src\\Illuminate\\Container\\Util.php(41): Illuminate\\Container\\BoundMethod::Illuminate\\Container\\{closure}()
#23 C:\\Users\\asus\\OneDrive\\Documents\\3. Tel-U Surabaya\\- Codes\\Semester 4 - Bootstrap - Pemrograman Framework\\Week-5\\Modul-4\\vendor\\laravel\\framework\\src\\Illuminate\\Container\\BoundMethod.php(81): Illuminate\\Container\\Util::unwrapIfClosure(Object(Closure))
#24 C:\\Users\\asus\\OneDrive\\Documents\\3. Tel-U Surabaya\\- Codes\\Semester 4 - Bootstrap - Pemrograman Framework\\Week-5\\Modul-4\\vendor\\laravel\\framework\\src\\Illuminate\\Container\\BoundMethod.php(35): Illuminate\\Container\\BoundMethod::callBoundMethod(Object(Illuminate\\Foundation\\Application), Object(Closure), Object(Closure))
#25 C:\\Users\\asus\\OneDrive\\Documents\\3. Tel-U Surabaya\\- Codes\\Semester 4 - Bootstrap - Pemrograman Framework\\Week-5\\Modul-4\\vendor\\laravel\\framework\\src\\Illuminate\\Container\\Container.php(662): Illuminate\\Container\\BoundMethod::call(Object(Illuminate\\Foundation\\Application), Object(Closure), Array, NULL)
#26 C:\\Users\\asus\\OneDrive\\Documents\\3. Tel-U Surabaya\\- Codes\\Semester 4 - Bootstrap - Pemrograman Framework\\Week-5\\Modul-4\\vendor\\laravel\\framework\\src\\Illuminate\\Support\\ServiceProvider.php(119): Illuminate\\Container\\Container->call(Object(Closure))
#27 C:\\Users\\asus\\OneDrive\\Documents\\3. Tel-U Surabaya\\- Codes\\Semester 4 - Bootstrap - Pemrograman Framework\\Week-5\\Modul-4\\vendor\\laravel\\framework\\src\\Illuminate\\Foundation\\Application.php(1037): Illuminate\\Support\\ServiceProvider->callBootedCallbacks()
#28 C:\\Users\\asus\\OneDrive\\Documents\\3. Tel-U Surabaya\\- Codes\\Semester 4 - Bootstrap - Pemrograman Framework\\Week-5\\Modul-4\\vendor\\laravel\\framework\\src\\Illuminate\\Foundation\\Application.php(1015): Illuminate\\Foundation\\Application->bootProvider(Object(App\\Providers\\RouteServiceProvider))
#29 [internal function]: Illuminate\\Foundation\\Application->Illuminate\\Foundation\\{closure}(Object(App\\Providers\\RouteServiceProvider), 24)
#30 C:\\Users\\asus\\OneDrive\\Documents\\3. Tel-U Surabaya\\- Codes\\Semester 4 - Bootstrap - Pemrograman Framework\\Week-5\\Modul-4\\vendor\\laravel\\framework\\src\\Illuminate\\Foundation\\Application.php(1014): array_walk(Array, Object(Closure))
#31 C:\\Users\\asus\\OneDrive\\Documents\\3. Tel-U Surabaya\\- Codes\\Semester 4 - Bootstrap - Pemrograman Framework\\Week-5\\Modul-4\\vendor\\laravel\\framework\\src\\Illuminate\\Foundation\\Bootstrap\\BootProviders.php(17): Illuminate\\Foundation\\Application->boot()
#32 C:\\Users\\asus\\OneDrive\\Documents\\3. Tel-U Surabaya\\- Codes\\Semester 4 - Bootstrap - Pemrograman Framework\\Week-5\\Modul-4\\vendor\\laravel\\framework\\src\\Illuminate\\Foundation\\Application.php(263): Illuminate\\Foundation\\Bootstrap\\BootProviders->bootstrap(Object(Illuminate\\Foundation\\Application))
#33 C:\\Users\\asus\\OneDrive\\Documents\\3. Tel-U Surabaya\\- Codes\\Semester 4 - Bootstrap - Pemrograman Framework\\Week-5\\Modul-4\\vendor\\laravel\\framework\\src\\Illuminate\\Foundation\\Http\\Kernel.php(186): Illuminate\\Foundation\\Application->bootstrapWith(Array)
#34 C:\\Users\\asus\\OneDrive\\Documents\\3. Tel-U Surabaya\\- Codes\\Semester 4 - Bootstrap - Pemrograman Framework\\Week-5\\Modul-4\\vendor\\laravel\\framework\\src\\Illuminate\\Foundation\\Http\\Kernel.php(170): Illuminate\\Foundation\\Http\\Kernel->bootstrap()
#35 C:\\Users\\asus\\OneDrive\\Documents\\3. Tel-U Surabaya\\- Codes\\Semester 4 - Bootstrap - Pemrograman Framework\\Week-5\\Modul-4\\vendor\\laravel\\framework\\src\\Illuminate\\Foundation\\Http\\Kernel.php(144): Illuminate\\Foundation\\Http\\Kernel->sendRequestThroughRouter(Object(Illuminate\\Http\\Request))
#36 C:\\Users\\asus\\OneDrive\\Documents\\3. Tel-U Surabaya\\- Codes\\Semester 4 - Bootstrap - Pemrograman Framework\\Week-5\\Modul-4\\public\\index.php(51): Illuminate\\Foundation\\Http\\Kernel->handle(Object(Illuminate\\Http\\Request))
#37 C:\\Users\\asus\\OneDrive\\Documents\\3. Tel-U Surabaya\\- Codes\\Semester 4 - Bootstrap - Pemrograman Framework\\Week-5\\Modul-4\\vendor\\laravel\\framework\\src\\Illuminate\\Foundation\\resources\\server.php(16): require_once('C:\\\\Users\\\\asus\\\\O...')
#38 {main}
"} 
[2024-06-08 12:03:01] local.ERROR: syntax error, unexpected variable "$title", expecting "function" or "const" {"exception":"[object] (ParseError(code: 0): syntax error, unexpected variable \"$title\", expecting \"function\" or \"const\" at C:\\Users\\asus\\OneDrive\\Documents\\3. Tel-U Surabaya\\- Codes\\Semester 4 - Bootstrap - Pemrograman Framework\\Week-5\\Modul-4\\app\\Http\\Controllers\\EmployeeController.php:11)
[stacktrace]
#0 C:\\Users\\asus\\OneDrive\\Documents\\3. Tel-U Surabaya\\- Codes\\Semester 4 - Bootstrap - Pemrograman Framework\\Week-5\\Modul-4\\vendor\\composer\\ClassLoader.php(427): Composer\\Autoload\\{closure}('C:\\\\Users\\\\asus\\\\O...')
#1 [internal function]: Composer\\Autoload\\ClassLoader->loadClass('App\\\\Http\\\\Contro...')
#2 C:\\Users\\asus\\OneDrive\\Documents\\3. Tel-U Surabaya\\- Codes\\Semester 4 - Bootstrap - Pemrograman Framework\\Week-5\\Modul-4\\vendor\\laravel\\framework\\src\\Illuminate\\Routing\\Route.php(1096): is_a('App\\\\Http\\\\Contro...', 'Illuminate\\\\Rout...', true)
#3 C:\\Users\\asus\\OneDrive\\Documents\\3. Tel-U Surabaya\\- Codes\\Semester 4 - Bootstrap - Pemrograman Framework\\Week-5\\Modul-4\\vendor\\laravel\\framework\\src\\Illuminate\\Routing\\Route.php(1035): Illuminate\\Routing\\Route->controllerMiddleware()
#4 C:\\Users\\asus\\OneDrive\\Documents\\3. Tel-U Surabaya\\- Codes\\Semester 4 - Bootstrap - Pemrograman Framework\\Week-5\\Modul-4\\vendor\\laravel\\framework\\src\\Illuminate\\Routing\\Router.php(818): Illuminate\\Routing\\Route->gatherMiddleware()
#5 C:\\Users\\asus\\OneDrive\\Documents\\3. Tel-U Surabaya\\- Codes\\Semester 4 - Bootstrap - Pemrograman Framework\\Week-5\\Modul-4\\vendor\\laravel\\framework\\src\\Illuminate\\Routing\\Router.php(800): Illuminate\\Routing\\Router->gatherRouteMiddleware(Object(Illuminate\\Routing\\Route))
#6 C:\\Users\\asus\\OneDrive\\Documents\\3. Tel-U Surabaya\\- Codes\\Semester 4 - Bootstrap - Pemrograman Framework\\Week-5\\Modul-4\\vendor\\laravel\\framework\\src\\Illuminate\\Routing\\Router.php(784): Illuminate\\Routing\\Router->runRouteWithinStack(Object(Illuminate\\Routing\\Route), Object(Illuminate\\Http\\Request))
#7 C:\\Users\\asus\\OneDrive\\Documents\\3. Tel-U Surabaya\\- Codes\\Semester 4 - Bootstrap - Pemrograman Framework\\Week-5\\Modul-4\\vendor\\laravel\\framework\\src\\Illuminate\\Routing\\Router.php(748): Illuminate\\Routing\\Router->runRoute(Object(Illuminate\\Http\\Request), Object(Illuminate\\Routing\\Route))
#8 C:\\Users\\asus\\OneDrive\\Documents\\3. Tel-U Surabaya\\- Codes\\Semester 4 - Bootstrap - Pemrograman Framework\\Week-5\\Modul-4\\vendor\\laravel\\framework\\src\\Illuminate\\Routing\\Router.php(737): Illuminate\\Routing\\Router->dispatchToRoute(Object(Illuminate\\Http\\Request))
#9 C:\\Users\\asus\\OneDrive\\Documents\\3. Tel-U Surabaya\\- Codes\\Semester 4 - Bootstrap - Pemrograman Framework\\Week-5\\Modul-4\\vendor\\laravel\\framework\\src\\Illuminate\\Foundation\\Http\\Kernel.php(200): Illuminate\\Routing\\Router->dispatch(Object(Illuminate\\Http\\Request))
#10 C:\\Users\\asus\\OneDrive\\Documents\\3. Tel-U Surabaya\\- Codes\\Semester 4 - Bootstrap - Pemrograman Framework\\Week-5\\Modul-4\\vendor\\laravel\\framework\\src\\Illuminate\\Pipeline\\Pipeline.php(144): Illuminate\\Foundation\\Http\\Kernel->Illuminate\\Foundation\\Http\\{closure}(Object(Illuminate\\Http\\Request))
#11 C:\\Users\\asus\\OneDrive\\Documents\\3. Tel-U Surabaya\\- Codes\\Semester 4 - Bootstrap - Pemrograman Framework\\Week-5\\Modul-4\\vendor\\laravel\\framework\\src\\Illuminate\\Foundation\\Http\\Middleware\\TransformsRequest.php(21): Illuminate\\Pipeline\\Pipeline->Illuminate\\Pipeline\\{closure}(Object(Illuminate\\Http\\Request))
#12 C:\\Users\\asus\\OneDrive\\Documents\\3. Tel-U Surabaya\\- Codes\\Semester 4 - Bootstrap - Pemrograman Framework\\Week-5\\Modul-4\\vendor\\laravel\\framework\\src\\Illuminate\\Foundation\\Http\\Middleware\\ConvertEmptyStringsToNull.php(31): Illuminate\\Foundation\\Http\\Middleware\\TransformsRequest->handle(Object(Illuminate\\Http\\Request), Object(Closure))
#13 C:\\Users\\asus\\OneDrive\\Documents\\3. Tel-U Surabaya\\- Codes\\Semester 4 - Bootstrap - Pemrograman Framework\\Week-5\\Modul-4\\vendor\\laravel\\framework\\src\\Illuminate\\Pipeline\\Pipeline.php(183): Illuminate\\Foundation\\Http\\Middleware\\ConvertEmptyStringsToNull->handle(Object(Illuminate\\Http\\Request), Object(Closure))
#14 C:\\Users\\asus\\OneDrive\\Documents\\3. Tel-U Surabaya\\- Codes\\Semester 4 - Bootstrap - Pemrograman Framework\\Week-5\\Modul-4\\vendor\\laravel\\framework\\src\\Illuminate\\Foundation\\Http\\Middleware\\TransformsRequest.php(21): Illuminate\\Pipeline\\Pipeline->Illuminate\\Pipeline\\{closure}(Object(Illuminate\\Http\\Request))
#15 C:\\Users\\asus\\OneDrive\\Documents\\3. Tel-U Surabaya\\- Codes\\Semester 4 - Bootstrap - Pemrograman Framework\\Week-5\\Modul-4\\vendor\\laravel\\framework\\src\\Illuminate\\Foundation\\Http\\Middleware\\TrimStrings.php(40): Illuminate\\Foundation\\Http\\Middleware\\TransformsRequest->handle(Object(Illuminate\\Http\\Request), Object(Closure))
#16 C:\\Users\\asus\\OneDrive\\Documents\\3. Tel-U Surabaya\\- Codes\\Semester 4 - Bootstrap - Pemrograman Framework\\Week-5\\Modul-4\\vendor\\laravel\\framework\\src\\Illuminate\\Pipeline\\Pipeline.php(183): Illuminate\\Foundation\\Http\\Middleware\\TrimStrings->handle(Object(Illuminate\\Http\\Request), Object(Closure))
#17 C:\\Users\\asus\\OneDrive\\Documents\\3. Tel-U Surabaya\\- Codes\\Semester 4 - Bootstrap - Pemrograman Framework\\Week-5\\Modul-4\\vendor\\laravel\\framework\\src\\Illuminate\\Foundation\\Http\\Middleware\\ValidatePostSize.php(27): Illuminate\\Pipeline\\Pipeline->Illuminate\\Pipeline\\{closure}(Object(Illuminate\\Http\\Request))
#18 C:\\Users\\asus\\OneDrive\\Documents\\3. Tel-U Surabaya\\- Codes\\Semester 4 - Bootstrap - Pemrograman Framework\\Week-5\\Modul-4\\vendor\\laravel\\framework\\src\\Illuminate\\Pipeline\\Pipeline.php(183): Illuminate\\Foundation\\Http\\Middleware\\ValidatePostSize->handle(Object(Illuminate\\Http\\Request), Object(Closure))
#19 C:\\Users\\asus\\OneDrive\\Documents\\3. Tel-U Surabaya\\- Codes\\Semester 4 - Bootstrap - Pemrograman Framework\\Week-5\\Modul-4\\vendor\\laravel\\framework\\src\\Illuminate\\Foundation\\Http\\Middleware\\PreventRequestsDuringMaintenance.php(99): Illuminate\\Pipeline\\Pipeline->Illuminate\\Pipeline\\{closure}(Object(Illuminate\\Http\\Request))
#20 C:\\Users\\asus\\OneDrive\\Documents\\3. Tel-U Surabaya\\- Codes\\Semester 4 - Bootstrap - Pemrograman Framework\\Week-5\\Modul-4\\vendor\\laravel\\framework\\src\\Illuminate\\Pipeline\\Pipeline.php(183): Illuminate\\Foundation\\Http\\Middleware\\PreventRequestsDuringMaintenance->handle(Object(Illuminate\\Http\\Request), Object(Closure))
#21 C:\\Users\\asus\\OneDrive\\Documents\\3. Tel-U Surabaya\\- Codes\\Semester 4 - Bootstrap - Pemrograman Framework\\Week-5\\Modul-4\\vendor\\laravel\\framework\\src\\Illuminate\\Http\\Middleware\\HandleCors.php(49): Illuminate\\Pipeline\\Pipeline->Illuminate\\Pipeline\\{closure}(Object(Illuminate\\Http\\Request))
#22 C:\\Users\\asus\\OneDrive\\Documents\\3. Tel-U Surabaya\\- Codes\\Semester 4 - Bootstrap - Pemrograman Framework\\Week-5\\Modul-4\\vendor\\laravel\\framework\\src\\Illuminate\\Pipeline\\Pipeline.php(183): Illuminate\\Http\\Middleware\\HandleCors->handle(Object(Illuminate\\Http\\Request), Object(Closure))
#23 C:\\Users\\asus\\OneDrive\\Documents\\3. Tel-U Surabaya\\- Codes\\Semester 4 - Bootstrap - Pemrograman Framework\\Week-5\\Modul-4\\vendor\\laravel\\framework\\src\\Illuminate\\Http\\Middleware\\TrustProxies.php(39): Illuminate\\Pipeline\\Pipeline->Illuminate\\Pipeline\\{closure}(Object(Illuminate\\Http\\Request))
#24 C:\\Users\\asus\\OneDrive\\Documents\\3. Tel-U Surabaya\\- Codes\\Semester 4 - Bootstrap - Pemrograman Framework\\Week-5\\Modul-4\\vendor\\laravel\\framework\\src\\Illuminate\\Pipeline\\Pipeline.php(183): Illuminate\\Http\\Middleware\\TrustProxies->handle(Object(Illuminate\\Http\\Request), Object(Closure))
#25 C:\\Users\\asus\\OneDrive\\Documents\\3. Tel-U Surabaya\\- Codes\\Semester 4 - Bootstrap - Pemrograman Framework\\Week-5\\Modul-4\\vendor\\laravel\\framework\\src\\Illuminate\\Pipeline\\Pipeline.php(119): Illuminate\\Pipeline\\Pipeline->Illuminate\\Pipeline\\{closure}(Object(Illuminate\\Http\\Request))
#26 C:\\Users\\asus\\OneDrive\\Documents\\3. Tel-U Surabaya\\- Codes\\Semester 4 - Bootstrap - Pemrograman Framework\\Week-5\\Modul-4\\vendor\\laravel\\framework\\src\\Illuminate\\Foundation\\Http\\Kernel.php(175): Illuminate\\Pipeline\\Pipeline->then(Object(Closure))
#27 C:\\Users\\asus\\OneDrive\\Documents\\3. Tel-U Surabaya\\- Codes\\Semester 4 - Bootstrap - Pemrograman Framework\\Week-5\\Modul-4\\vendor\\laravel\\framework\\src\\Illuminate\\Foundation\\Http\\Kernel.php(144): Illuminate\\Foundation\\Http\\Kernel->sendRequestThroughRouter(Object(Illuminate\\Http\\Request))
#28 C:\\Users\\asus\\OneDrive\\Documents\\3. Tel-U Surabaya\\- Codes\\Semester 4 - Bootstrap - Pemrograman Framework\\Week-5\\Modul-4\\public\\index.php(51): Illuminate\\Foundation\\Http\\Kernel->handle(Object(Illuminate\\Http\\Request))
#29 C:\\Users\\asus\\OneDrive\\Documents\\3. Tel-U Surabaya\\- Codes\\Semester 4 - Bootstrap - Pemrograman Framework\\Week-5\\Modul-4\\vendor\\laravel\\framework\\src\\Illuminate\\Foundation\\resources\\server.php(16): require_once('C:\\\\Users\\\\asus\\\\O...')
#30 {main}
"} 
[2024-06-08 12:03:06] local.ERROR: syntax error, unexpected variable "$title", expecting "function" or "const" {"exception":"[object] (ParseError(code: 0): syntax error, unexpected variable \"$title\", expecting \"function\" or \"const\" at C:\\Users\\asus\\OneDrive\\Documents\\3. Tel-U Surabaya\\- Codes\\Semester 4 - Bootstrap - Pemrograman Framework\\Week-5\\Modul-4\\app\\Http\\Controllers\\EmployeeController.php:11)
[stacktrace]
#0 C:\\Users\\asus\\OneDrive\\Documents\\3. Tel-U Surabaya\\- Codes\\Semester 4 - Bootstrap - Pemrograman Framework\\Week-5\\Modul-4\\vendor\\composer\\ClassLoader.php(427): Composer\\Autoload\\{closure}('C:\\\\Users\\\\asus\\\\O...')
#1 [internal function]: Composer\\Autoload\\ClassLoader->loadClass('App\\\\Http\\\\Contro...')
#2 C:\\Users\\asus\\OneDrive\\Documents\\3. Tel-U Surabaya\\- Codes\\Semester 4 - Bootstrap - Pemrograman Framework\\Week-5\\Modul-4\\vendor\\laravel\\framework\\src\\Illuminate\\Routing\\Route.php(1096): is_a('App\\\\Http\\\\Contro...', 'Illuminate\\\\Rout...', true)
#3 C:\\Users\\asus\\OneDrive\\Documents\\3. Tel-U Surabaya\\- Codes\\Semester 4 - Bootstrap - Pemrograman Framework\\Week-5\\Modul-4\\vendor\\laravel\\framework\\src\\Illuminate\\Routing\\Route.php(1035): Illuminate\\Routing\\Route->controllerMiddleware()
#4 C:\\Users\\asus\\OneDrive\\Documents\\3. Tel-U Surabaya\\- Codes\\Semester 4 - Bootstrap - Pemrograman Framework\\Week-5\\Modul-4\\vendor\\laravel\\framework\\src\\Illuminate\\Routing\\Router.php(818): Illuminate\\Routing\\Route->gatherMiddleware()
#5 C:\\Users\\asus\\OneDrive\\Documents\\3. Tel-U Surabaya\\- Codes\\Semester 4 - Bootstrap - Pemrograman Framework\\Week-5\\Modul-4\\vendor\\laravel\\framework\\src\\Illuminate\\Routing\\Router.php(800): Illuminate\\Routing\\Router->gatherRouteMiddleware(Object(Illuminate\\Routing\\Route))
#6 C:\\Users\\asus\\OneDrive\\Documents\\3. Tel-U Surabaya\\- Codes\\Semester 4 - Bootstrap - Pemrograman Framework\\Week-5\\Modul-4\\vendor\\laravel\\framework\\src\\Illuminate\\Routing\\Router.php(784): Illuminate\\Routing\\Router->runRouteWithinStack(Object(Illuminate\\Routing\\Route), Object(Illuminate\\Http\\Request))
#7 C:\\Users\\asus\\OneDrive\\Documents\\3. Tel-U Surabaya\\- Codes\\Semester 4 - Bootstrap - Pemrograman Framework\\Week-5\\Modul-4\\vendor\\laravel\\framework\\src\\Illuminate\\Routing\\Router.php(748): Illuminate\\Routing\\Router->runRoute(Object(Illuminate\\Http\\Request), Object(Illuminate\\Routing\\Route))
#8 C:\\Users\\asus\\OneDrive\\Documents\\3. Tel-U Surabaya\\- Codes\\Semester 4 - Bootstrap - Pemrograman Framework\\Week-5\\Modul-4\\vendor\\laravel\\framework\\src\\Illuminate\\Routing\\Router.php(737): Illuminate\\Routing\\Router->dispatchToRoute(Object(Illuminate\\Http\\Request))
#9 C:\\Users\\asus\\OneDrive\\Documents\\3. Tel-U Surabaya\\- Codes\\Semester 4 - Bootstrap - Pemrograman Framework\\Week-5\\Modul-4\\vendor\\laravel\\framework\\src\\Illuminate\\Foundation\\Http\\Kernel.php(200): Illuminate\\Routing\\Router->dispatch(Object(Illuminate\\Http\\Request))
#10 C:\\Users\\asus\\OneDrive\\Documents\\3. Tel-U Surabaya\\- Codes\\Semester 4 - Bootstrap - Pemrograman Framework\\Week-5\\Modul-4\\vendor\\laravel\\framework\\src\\Illuminate\\Pipeline\\Pipeline.php(144): Illuminate\\Foundation\\Http\\Kernel->Illuminate\\Foundation\\Http\\{closure}(Object(Illuminate\\Http\\Request))
#11 C:\\Users\\asus\\OneDrive\\Documents\\3. Tel-U Surabaya\\- Codes\\Semester 4 - Bootstrap - Pemrograman Framework\\Week-5\\Modul-4\\vendor\\laravel\\framework\\src\\Illuminate\\Foundation\\Http\\Middleware\\TransformsRequest.php(21): Illuminate\\Pipeline\\Pipeline->Illuminate\\Pipeline\\{closure}(Object(Illuminate\\Http\\Request))
#12 C:\\Users\\asus\\OneDrive\\Documents\\3. Tel-U Surabaya\\- Codes\\Semester 4 - Bootstrap - Pemrograman Framework\\Week-5\\Modul-4\\vendor\\laravel\\framework\\src\\Illuminate\\Foundation\\Http\\Middleware\\ConvertEmptyStringsToNull.php(31): Illuminate\\Foundation\\Http\\Middleware\\TransformsRequest->handle(Object(Illuminate\\Http\\Request), Object(Closure))
#13 C:\\Users\\asus\\OneDrive\\Documents\\3. Tel-U Surabaya\\- Codes\\Semester 4 - Bootstrap - Pemrograman Framework\\Week-5\\Modul-4\\vendor\\laravel\\framework\\src\\Illuminate\\Pipeline\\Pipeline.php(183): Illuminate\\Foundation\\Http\\Middleware\\ConvertEmptyStringsToNull->handle(Object(Illuminate\\Http\\Request), Object(Closure))
#14 C:\\Users\\asus\\OneDrive\\Documents\\3. Tel-U Surabaya\\- Codes\\Semester 4 - Bootstrap - Pemrograman Framework\\Week-5\\Modul-4\\vendor\\laravel\\framework\\src\\Illuminate\\Foundation\\Http\\Middleware\\TransformsRequest.php(21): Illuminate\\Pipeline\\Pipeline->Illuminate\\Pipeline\\{closure}(Object(Illuminate\\Http\\Request))
#15 C:\\Users\\asus\\OneDrive\\Documents\\3. Tel-U Surabaya\\- Codes\\Semester 4 - Bootstrap - Pemrograman Framework\\Week-5\\Modul-4\\vendor\\laravel\\framework\\src\\Illuminate\\Foundation\\Http\\Middleware\\TrimStrings.php(40): Illuminate\\Foundation\\Http\\Middleware\\TransformsRequest->handle(Object(Illuminate\\Http\\Request), Object(Closure))
#16 C:\\Users\\asus\\OneDrive\\Documents\\3. Tel-U Surabaya\\- Codes\\Semester 4 - Bootstrap - Pemrograman Framework\\Week-5\\Modul-4\\vendor\\laravel\\framework\\src\\Illuminate\\Pipeline\\Pipeline.php(183): Illuminate\\Foundation\\Http\\Middleware\\TrimStrings->handle(Object(Illuminate\\Http\\Request), Object(Closure))
#17 C:\\Users\\asus\\OneDrive\\Documents\\3. Tel-U Surabaya\\- Codes\\Semester 4 - Bootstrap - Pemrograman Framework\\Week-5\\Modul-4\\vendor\\laravel\\framework\\src\\Illuminate\\Foundation\\Http\\Middleware\\ValidatePostSize.php(27): Illuminate\\Pipeline\\Pipeline->Illuminate\\Pipeline\\{closure}(Object(Illuminate\\Http\\Request))
#18 C:\\Users\\asus\\OneDrive\\Documents\\3. Tel-U Surabaya\\- Codes\\Semester 4 - Bootstrap - Pemrograman Framework\\Week-5\\Modul-4\\vendor\\laravel\\framework\\src\\Illuminate\\Pipeline\\Pipeline.php(183): Illuminate\\Foundation\\Http\\Middleware\\ValidatePostSize->handle(Object(Illuminate\\Http\\Request), Object(Closure))
#19 C:\\Users\\asus\\OneDrive\\Documents\\3. Tel-U Surabaya\\- Codes\\Semester 4 - Bootstrap - Pemrograman Framework\\Week-5\\Modul-4\\vendor\\laravel\\framework\\src\\Illuminate\\Foundation\\Http\\Middleware\\PreventRequestsDuringMaintenance.php(99): Illuminate\\Pipeline\\Pipeline->Illuminate\\Pipeline\\{closure}(Object(Illuminate\\Http\\Request))
#20 C:\\Users\\asus\\OneDrive\\Documents\\3. Tel-U Surabaya\\- Codes\\Semester 4 - Bootstrap - Pemrograman Framework\\Week-5\\Modul-4\\vendor\\laravel\\framework\\src\\Illuminate\\Pipeline\\Pipeline.php(183): Illuminate\\Foundation\\Http\\Middleware\\PreventRequestsDuringMaintenance->handle(Object(Illuminate\\Http\\Request), Object(Closure))
#21 C:\\Users\\asus\\OneDrive\\Documents\\3. Tel-U Surabaya\\- Codes\\Semester 4 - Bootstrap - Pemrograman Framework\\Week-5\\Modul-4\\vendor\\laravel\\framework\\src\\Illuminate\\Http\\Middleware\\HandleCors.php(49): Illuminate\\Pipeline\\Pipeline->Illuminate\\Pipeline\\{closure}(Object(Illuminate\\Http\\Request))
#22 C:\\Users\\asus\\OneDrive\\Documents\\3. Tel-U Surabaya\\- Codes\\Semester 4 - Bootstrap - Pemrograman Framework\\Week-5\\Modul-4\\vendor\\laravel\\framework\\src\\Illuminate\\Pipeline\\Pipeline.php(183): Illuminate\\Http\\Middleware\\HandleCors->handle(Object(Illuminate\\Http\\Request), Object(Closure))
#23 C:\\Users\\asus\\OneDrive\\Documents\\3. Tel-U Surabaya\\- Codes\\Semester 4 - Bootstrap - Pemrograman Framework\\Week-5\\Modul-4\\vendor\\laravel\\framework\\src\\Illuminate\\Http\\Middleware\\TrustProxies.php(39): Illuminate\\Pipeline\\Pipeline->Illuminate\\Pipeline\\{closure}(Object(Illuminate\\Http\\Request))
#24 C:\\Users\\asus\\OneDrive\\Documents\\3. Tel-U Surabaya\\- Codes\\Semester 4 - Bootstrap - Pemrograman Framework\\Week-5\\Modul-4\\vendor\\laravel\\framework\\src\\Illuminate\\Pipeline\\Pipeline.php(183): Illuminate\\Http\\Middleware\\TrustProxies->handle(Object(Illuminate\\Http\\Request), Object(Closure))
#25 C:\\Users\\asus\\OneDrive\\Documents\\3. Tel-U Surabaya\\- Codes\\Semester 4 - Bootstrap - Pemrograman Framework\\Week-5\\Modul-4\\vendor\\laravel\\framework\\src\\Illuminate\\Pipeline\\Pipeline.php(119): Illuminate\\Pipeline\\Pipeline->Illuminate\\Pipeline\\{closure}(Object(Illuminate\\Http\\Request))
#26 C:\\Users\\asus\\OneDrive\\Documents\\3. Tel-U Surabaya\\- Codes\\Semester 4 - Bootstrap - Pemrograman Framework\\Week-5\\Modul-4\\vendor\\laravel\\framework\\src\\Illuminate\\Foundation\\Http\\Kernel.php(175): Illuminate\\Pipeline\\Pipeline->then(Object(Closure))
#27 C:\\Users\\asus\\OneDrive\\Documents\\3. Tel-U Surabaya\\- Codes\\Semester 4 - Bootstrap - Pemrograman Framework\\Week-5\\Modul-4\\vendor\\laravel\\framework\\src\\Illuminate\\Foundation\\Http\\Kernel.php(144): Illuminate\\Foundation\\Http\\Kernel->sendRequestThroughRouter(Object(Illuminate\\Http\\Request))
#28 C:\\Users\\asus\\OneDrive\\Documents\\3. Tel-U Surabaya\\- Codes\\Semester 4 - Bootstrap - Pemrograman Framework\\Week-5\\Modul-4\\public\\index.php(51): Illuminate\\Foundation\\Http\\Kernel->handle(Object(Illuminate\\Http\\Request))
#29 C:\\Users\\asus\\OneDrive\\Documents\\3. Tel-U Surabaya\\- Codes\\Semester 4 - Bootstrap - Pemrograman Framework\\Week-5\\Modul-4\\vendor\\laravel\\framework\\src\\Illuminate\\Foundation\\resources\\server.php(16): require_once('C:\\\\Users\\\\asus\\\\O...')
#30 {main}
"} 
[2024-06-08 12:03:07] local.ERROR: syntax error, unexpected variable "$title", expecting "function" or "const" {"exception":"[object] (ParseError(code: 0): syntax error, unexpected variable \"$title\", expecting \"function\" or \"const\" at C:\\Users\\asus\\OneDrive\\Documents\\3. Tel-U Surabaya\\- Codes\\Semester 4 - Bootstrap - Pemrograman Framework\\Week-5\\Modul-4\\app\\Http\\Controllers\\EmployeeController.php:11)
[stacktrace]
#0 C:\\Users\\asus\\OneDrive\\Documents\\3. Tel-U Surabaya\\- Codes\\Semester 4 - Bootstrap - Pemrograman Framework\\Week-5\\Modul-4\\vendor\\composer\\ClassLoader.php(427): Composer\\Autoload\\{closure}('C:\\\\Users\\\\asus\\\\O...')
#1 [internal function]: Composer\\Autoload\\ClassLoader->loadClass('App\\\\Http\\\\Contro...')
#2 C:\\Users\\asus\\OneDrive\\Documents\\3. Tel-U Surabaya\\- Codes\\Semester 4 - Bootstrap - Pemrograman Framework\\Week-5\\Modul-4\\vendor\\laravel\\framework\\src\\Illuminate\\Routing\\Route.php(1096): is_a('App\\\\Http\\\\Contro...', 'Illuminate\\\\Rout...', true)
#3 C:\\Users\\asus\\OneDrive\\Documents\\3. Tel-U Surabaya\\- Codes\\Semester 4 - Bootstrap - Pemrograman Framework\\Week-5\\Modul-4\\vendor\\laravel\\framework\\src\\Illuminate\\Routing\\Route.php(1035): Illuminate\\Routing\\Route->controllerMiddleware()
#4 C:\\Users\\asus\\OneDrive\\Documents\\3. Tel-U Surabaya\\- Codes\\Semester 4 - Bootstrap - Pemrograman Framework\\Week-5\\Modul-4\\vendor\\laravel\\framework\\src\\Illuminate\\Routing\\Router.php(818): Illuminate\\Routing\\Route->gatherMiddleware()
#5 C:\\Users\\asus\\OneDrive\\Documents\\3. Tel-U Surabaya\\- Codes\\Semester 4 - Bootstrap - Pemrograman Framework\\Week-5\\Modul-4\\vendor\\laravel\\framework\\src\\Illuminate\\Routing\\Router.php(800): Illuminate\\Routing\\Router->gatherRouteMiddleware(Object(Illuminate\\Routing\\Route))
#6 C:\\Users\\asus\\OneDrive\\Documents\\3. Tel-U Surabaya\\- Codes\\Semester 4 - Bootstrap - Pemrograman Framework\\Week-5\\Modul-4\\vendor\\laravel\\framework\\src\\Illuminate\\Routing\\Router.php(784): Illuminate\\Routing\\Router->runRouteWithinStack(Object(Illuminate\\Routing\\Route), Object(Illuminate\\Http\\Request))
#7 C:\\Users\\asus\\OneDrive\\Documents\\3. Tel-U Surabaya\\- Codes\\Semester 4 - Bootstrap - Pemrograman Framework\\Week-5\\Modul-4\\vendor\\laravel\\framework\\src\\Illuminate\\Routing\\Router.php(748): Illuminate\\Routing\\Router->runRoute(Object(Illuminate\\Http\\Request), Object(Illuminate\\Routing\\Route))
#8 C:\\Users\\asus\\OneDrive\\Documents\\3. Tel-U Surabaya\\- Codes\\Semester 4 - Bootstrap - Pemrograman Framework\\Week-5\\Modul-4\\vendor\\laravel\\framework\\src\\Illuminate\\Routing\\Router.php(737): Illuminate\\Routing\\Router->dispatchToRoute(Object(Illuminate\\Http\\Request))
#9 C:\\Users\\asus\\OneDrive\\Documents\\3. Tel-U Surabaya\\- Codes\\Semester 4 - Bootstrap - Pemrograman Framework\\Week-5\\Modul-4\\vendor\\laravel\\framework\\src\\Illuminate\\Foundation\\Http\\Kernel.php(200): Illuminate\\Routing\\Router->dispatch(Object(Illuminate\\Http\\Request))
#10 C:\\Users\\asus\\OneDrive\\Documents\\3. Tel-U Surabaya\\- Codes\\Semester 4 - Bootstrap - Pemrograman Framework\\Week-5\\Modul-4\\vendor\\laravel\\framework\\src\\Illuminate\\Pipeline\\Pipeline.php(144): Illuminate\\Foundation\\Http\\Kernel->Illuminate\\Foundation\\Http\\{closure}(Object(Illuminate\\Http\\Request))
#11 C:\\Users\\asus\\OneDrive\\Documents\\3. Tel-U Surabaya\\- Codes\\Semester 4 - Bootstrap - Pemrograman Framework\\Week-5\\Modul-4\\vendor\\laravel\\framework\\src\\Illuminate\\Foundation\\Http\\Middleware\\TransformsRequest.php(21): Illuminate\\Pipeline\\Pipeline->Illuminate\\Pipeline\\{closure}(Object(Illuminate\\Http\\Request))
#12 C:\\Users\\asus\\OneDrive\\Documents\\3. Tel-U Surabaya\\- Codes\\Semester 4 - Bootstrap - Pemrograman Framework\\Week-5\\Modul-4\\vendor\\laravel\\framework\\src\\Illuminate\\Foundation\\Http\\Middleware\\ConvertEmptyStringsToNull.php(31): Illuminate\\Foundation\\Http\\Middleware\\TransformsRequest->handle(Object(Illuminate\\Http\\Request), Object(Closure))
#13 C:\\Users\\asus\\OneDrive\\Documents\\3. Tel-U Surabaya\\- Codes\\Semester 4 - Bootstrap - Pemrograman Framework\\Week-5\\Modul-4\\vendor\\laravel\\framework\\src\\Illuminate\\Pipeline\\Pipeline.php(183): Illuminate\\Foundation\\Http\\Middleware\\ConvertEmptyStringsToNull->handle(Object(Illuminate\\Http\\Request), Object(Closure))
#14 C:\\Users\\asus\\OneDrive\\Documents\\3. Tel-U Surabaya\\- Codes\\Semester 4 - Bootstrap - Pemrograman Framework\\Week-5\\Modul-4\\vendor\\laravel\\framework\\src\\Illuminate\\Foundation\\Http\\Middleware\\TransformsRequest.php(21): Illuminate\\Pipeline\\Pipeline->Illuminate\\Pipeline\\{closure}(Object(Illuminate\\Http\\Request))
#15 C:\\Users\\asus\\OneDrive\\Documents\\3. Tel-U Surabaya\\- Codes\\Semester 4 - Bootstrap - Pemrograman Framework\\Week-5\\Modul-4\\vendor\\laravel\\framework\\src\\Illuminate\\Foundation\\Http\\Middleware\\TrimStrings.php(40): Illuminate\\Foundation\\Http\\Middleware\\TransformsRequest->handle(Object(Illuminate\\Http\\Request), Object(Closure))
#16 C:\\Users\\asus\\OneDrive\\Documents\\3. Tel-U Surabaya\\- Codes\\Semester 4 - Bootstrap - Pemrograman Framework\\Week-5\\Modul-4\\vendor\\laravel\\framework\\src\\Illuminate\\Pipeline\\Pipeline.php(183): Illuminate\\Foundation\\Http\\Middleware\\TrimStrings->handle(Object(Illuminate\\Http\\Request), Object(Closure))
#17 C:\\Users\\asus\\OneDrive\\Documents\\3. Tel-U Surabaya\\- Codes\\Semester 4 - Bootstrap - Pemrograman Framework\\Week-5\\Modul-4\\vendor\\laravel\\framework\\src\\Illuminate\\Foundation\\Http\\Middleware\\ValidatePostSize.php(27): Illuminate\\Pipeline\\Pipeline->Illuminate\\Pipeline\\{closure}(Object(Illuminate\\Http\\Request))
#18 C:\\Users\\asus\\OneDrive\\Documents\\3. Tel-U Surabaya\\- Codes\\Semester 4 - Bootstrap - Pemrograman Framework\\Week-5\\Modul-4\\vendor\\laravel\\framework\\src\\Illuminate\\Pipeline\\Pipeline.php(183): Illuminate\\Foundation\\Http\\Middleware\\ValidatePostSize->handle(Object(Illuminate\\Http\\Request), Object(Closure))
#19 C:\\Users\\asus\\OneDrive\\Documents\\3. Tel-U Surabaya\\- Codes\\Semester 4 - Bootstrap - Pemrograman Framework\\Week-5\\Modul-4\\vendor\\laravel\\framework\\src\\Illuminate\\Foundation\\Http\\Middleware\\PreventRequestsDuringMaintenance.php(99): Illuminate\\Pipeline\\Pipeline->Illuminate\\Pipeline\\{closure}(Object(Illuminate\\Http\\Request))
#20 C:\\Users\\asus\\OneDrive\\Documents\\3. Tel-U Surabaya\\- Codes\\Semester 4 - Bootstrap - Pemrograman Framework\\Week-5\\Modul-4\\vendor\\laravel\\framework\\src\\Illuminate\\Pipeline\\Pipeline.php(183): Illuminate\\Foundation\\Http\\Middleware\\PreventRequestsDuringMaintenance->handle(Object(Illuminate\\Http\\Request), Object(Closure))
#21 C:\\Users\\asus\\OneDrive\\Documents\\3. Tel-U Surabaya\\- Codes\\Semester 4 - Bootstrap - Pemrograman Framework\\Week-5\\Modul-4\\vendor\\laravel\\framework\\src\\Illuminate\\Http\\Middleware\\HandleCors.php(49): Illuminate\\Pipeline\\Pipeline->Illuminate\\Pipeline\\{closure}(Object(Illuminate\\Http\\Request))
#22 C:\\Users\\asus\\OneDrive\\Documents\\3. Tel-U Surabaya\\- Codes\\Semester 4 - Bootstrap - Pemrograman Framework\\Week-5\\Modul-4\\vendor\\laravel\\framework\\src\\Illuminate\\Pipeline\\Pipeline.php(183): Illuminate\\Http\\Middleware\\HandleCors->handle(Object(Illuminate\\Http\\Request), Object(Closure))
#23 C:\\Users\\asus\\OneDrive\\Documents\\3. Tel-U Surabaya\\- Codes\\Semester 4 - Bootstrap - Pemrograman Framework\\Week-5\\Modul-4\\vendor\\laravel\\framework\\src\\Illuminate\\Http\\Middleware\\TrustProxies.php(39): Illuminate\\Pipeline\\Pipeline->Illuminate\\Pipeline\\{closure}(Object(Illuminate\\Http\\Request))
#24 C:\\Users\\asus\\OneDrive\\Documents\\3. Tel-U Surabaya\\- Codes\\Semester 4 - Bootstrap - Pemrograman Framework\\Week-5\\Modul-4\\vendor\\laravel\\framework\\src\\Illuminate\\Pipeline\\Pipeline.php(183): Illuminate\\Http\\Middleware\\TrustProxies->handle(Object(Illuminate\\Http\\Request), Object(Closure))
#25 C:\\Users\\asus\\OneDrive\\Documents\\3. Tel-U Surabaya\\- Codes\\Semester 4 - Bootstrap - Pemrograman Framework\\Week-5\\Modul-4\\vendor\\laravel\\framework\\src\\Illuminate\\Pipeline\\Pipeline.php(119): Illuminate\\Pipeline\\Pipeline->Illuminate\\Pipeline\\{closure}(Object(Illuminate\\Http\\Request))
#26 C:\\Users\\asus\\OneDrive\\Documents\\3. Tel-U Surabaya\\- Codes\\Semester 4 - Bootstrap - Pemrograman Framework\\Week-5\\Modul-4\\vendor\\laravel\\framework\\src\\Illuminate\\Foundation\\Http\\Kernel.php(175): Illuminate\\Pipeline\\Pipeline->then(Object(Closure))
#27 C:\\Users\\asus\\OneDrive\\Documents\\3. Tel-U Surabaya\\- Codes\\Semester 4 - Bootstrap - Pemrograman Framework\\Week-5\\Modul-4\\vendor\\laravel\\framework\\src\\Illuminate\\Foundation\\Http\\Kernel.php(144): Illuminate\\Foundation\\Http\\Kernel->sendRequestThroughRouter(Object(Illuminate\\Http\\Request))
#28 C:\\Users\\asus\\OneDrive\\Documents\\3. Tel-U Surabaya\\- Codes\\Semester 4 - Bootstrap - Pemrograman Framework\\Week-5\\Modul-4\\public\\index.php(51): Illuminate\\Foundation\\Http\\Kernel->handle(Object(Illuminate\\Http\\Request))
#29 C:\\Users\\asus\\OneDrive\\Documents\\3. Tel-U Surabaya\\- Codes\\Semester 4 - Bootstrap - Pemrograman Framework\\Week-5\\Modul-4\\vendor\\laravel\\framework\\src\\Illuminate\\Foundation\\resources\\server.php(16): require_once('C:\\\\Users\\\\asus\\\\O...')
#30 {main}
"} 
[2024-06-08 12:03:08] local.ERROR: syntax error, unexpected variable "$title", expecting "function" or "const" {"exception":"[object] (ParseError(code: 0): syntax error, unexpected variable \"$title\", expecting \"function\" or \"const\" at C:\\Users\\asus\\OneDrive\\Documents\\3. Tel-U Surabaya\\- Codes\\Semester 4 - Bootstrap - Pemrograman Framework\\Week-5\\Modul-4\\app\\Http\\Controllers\\EmployeeController.php:11)
[stacktrace]
#0 C:\\Users\\asus\\OneDrive\\Documents\\3. Tel-U Surabaya\\- Codes\\Semester 4 - Bootstrap - Pemrograman Framework\\Week-5\\Modul-4\\vendor\\composer\\ClassLoader.php(427): Composer\\Autoload\\{closure}('C:\\\\Users\\\\asus\\\\O...')
#1 [internal function]: Composer\\Autoload\\ClassLoader->loadClass('App\\\\Http\\\\Contro...')
#2 C:\\Users\\asus\\OneDrive\\Documents\\3. Tel-U Surabaya\\- Codes\\Semester 4 - Bootstrap - Pemrograman Framework\\Week-5\\Modul-4\\vendor\\laravel\\framework\\src\\Illuminate\\Routing\\Route.php(1096): is_a('App\\\\Http\\\\Contro...', 'Illuminate\\\\Rout...', true)
#3 C:\\Users\\asus\\OneDrive\\Documents\\3. Tel-U Surabaya\\- Codes\\Semester 4 - Bootstrap - Pemrograman Framework\\Week-5\\Modul-4\\vendor\\laravel\\framework\\src\\Illuminate\\Routing\\Route.php(1035): Illuminate\\Routing\\Route->controllerMiddleware()
#4 C:\\Users\\asus\\OneDrive\\Documents\\3. Tel-U Surabaya\\- Codes\\Semester 4 - Bootstrap - Pemrograman Framework\\Week-5\\Modul-4\\vendor\\laravel\\framework\\src\\Illuminate\\Routing\\Router.php(818): Illuminate\\Routing\\Route->gatherMiddleware()
#5 C:\\Users\\asus\\OneDrive\\Documents\\3. Tel-U Surabaya\\- Codes\\Semester 4 - Bootstrap - Pemrograman Framework\\Week-5\\Modul-4\\vendor\\laravel\\framework\\src\\Illuminate\\Routing\\Router.php(800): Illuminate\\Routing\\Router->gatherRouteMiddleware(Object(Illuminate\\Routing\\Route))
#6 C:\\Users\\asus\\OneDrive\\Documents\\3. Tel-U Surabaya\\- Codes\\Semester 4 - Bootstrap - Pemrograman Framework\\Week-5\\Modul-4\\vendor\\laravel\\framework\\src\\Illuminate\\Routing\\Router.php(784): Illuminate\\Routing\\Router->runRouteWithinStack(Object(Illuminate\\Routing\\Route), Object(Illuminate\\Http\\Request))
#7 C:\\Users\\asus\\OneDrive\\Documents\\3. Tel-U Surabaya\\- Codes\\Semester 4 - Bootstrap - Pemrograman Framework\\Week-5\\Modul-4\\vendor\\laravel\\framework\\src\\Illuminate\\Routing\\Router.php(748): Illuminate\\Routing\\Router->runRoute(Object(Illuminate\\Http\\Request), Object(Illuminate\\Routing\\Route))
#8 C:\\Users\\asus\\OneDrive\\Documents\\3. Tel-U Surabaya\\- Codes\\Semester 4 - Bootstrap - Pemrograman Framework\\Week-5\\Modul-4\\vendor\\laravel\\framework\\src\\Illuminate\\Routing\\Router.php(737): Illuminate\\Routing\\Router->dispatchToRoute(Object(Illuminate\\Http\\Request))
#9 C:\\Users\\asus\\OneDrive\\Documents\\3. Tel-U Surabaya\\- Codes\\Semester 4 - Bootstrap - Pemrograman Framework\\Week-5\\Modul-4\\vendor\\laravel\\framework\\src\\Illuminate\\Foundation\\Http\\Kernel.php(200): Illuminate\\Routing\\Router->dispatch(Object(Illuminate\\Http\\Request))
#10 C:\\Users\\asus\\OneDrive\\Documents\\3. Tel-U Surabaya\\- Codes\\Semester 4 - Bootstrap - Pemrograman Framework\\Week-5\\Modul-4\\vendor\\laravel\\framework\\src\\Illuminate\\Pipeline\\Pipeline.php(144): Illuminate\\Foundation\\Http\\Kernel->Illuminate\\Foundation\\Http\\{closure}(Object(Illuminate\\Http\\Request))
#11 C:\\Users\\asus\\OneDrive\\Documents\\3. Tel-U Surabaya\\- Codes\\Semester 4 - Bootstrap - Pemrograman Framework\\Week-5\\Modul-4\\vendor\\laravel\\framework\\src\\Illuminate\\Foundation\\Http\\Middleware\\TransformsRequest.php(21): Illuminate\\Pipeline\\Pipeline->Illuminate\\Pipeline\\{closure}(Object(Illuminate\\Http\\Request))
#12 C:\\Users\\asus\\OneDrive\\Documents\\3. Tel-U Surabaya\\- Codes\\Semester 4 - Bootstrap - Pemrograman Framework\\Week-5\\Modul-4\\vendor\\laravel\\framework\\src\\Illuminate\\Foundation\\Http\\Middleware\\ConvertEmptyStringsToNull.php(31): Illuminate\\Foundation\\Http\\Middleware\\TransformsRequest->handle(Object(Illuminate\\Http\\Request), Object(Closure))
#13 C:\\Users\\asus\\OneDrive\\Documents\\3. Tel-U Surabaya\\- Codes\\Semester 4 - Bootstrap - Pemrograman Framework\\Week-5\\Modul-4\\vendor\\laravel\\framework\\src\\Illuminate\\Pipeline\\Pipeline.php(183): Illuminate\\Foundation\\Http\\Middleware\\ConvertEmptyStringsToNull->handle(Object(Illuminate\\Http\\Request), Object(Closure))
#14 C:\\Users\\asus\\OneDrive\\Documents\\3. Tel-U Surabaya\\- Codes\\Semester 4 - Bootstrap - Pemrograman Framework\\Week-5\\Modul-4\\vendor\\laravel\\framework\\src\\Illuminate\\Foundation\\Http\\Middleware\\TransformsRequest.php(21): Illuminate\\Pipeline\\Pipeline->Illuminate\\Pipeline\\{closure}(Object(Illuminate\\Http\\Request))
#15 C:\\Users\\asus\\OneDrive\\Documents\\3. Tel-U Surabaya\\- Codes\\Semester 4 - Bootstrap - Pemrograman Framework\\Week-5\\Modul-4\\vendor\\laravel\\framework\\src\\Illuminate\\Foundation\\Http\\Middleware\\TrimStrings.php(40): Illuminate\\Foundation\\Http\\Middleware\\TransformsRequest->handle(Object(Illuminate\\Http\\Request), Object(Closure))
#16 C:\\Users\\asus\\OneDrive\\Documents\\3. Tel-U Surabaya\\- Codes\\Semester 4 - Bootstrap - Pemrograman Framework\\Week-5\\Modul-4\\vendor\\laravel\\framework\\src\\Illuminate\\Pipeline\\Pipeline.php(183): Illuminate\\Foundation\\Http\\Middleware\\TrimStrings->handle(Object(Illuminate\\Http\\Request), Object(Closure))
#17 C:\\Users\\asus\\OneDrive\\Documents\\3. Tel-U Surabaya\\- Codes\\Semester 4 - Bootstrap - Pemrograman Framework\\Week-5\\Modul-4\\vendor\\laravel\\framework\\src\\Illuminate\\Foundation\\Http\\Middleware\\ValidatePostSize.php(27): Illuminate\\Pipeline\\Pipeline->Illuminate\\Pipeline\\{closure}(Object(Illuminate\\Http\\Request))
#18 C:\\Users\\asus\\OneDrive\\Documents\\3. Tel-U Surabaya\\- Codes\\Semester 4 - Bootstrap - Pemrograman Framework\\Week-5\\Modul-4\\vendor\\laravel\\framework\\src\\Illuminate\\Pipeline\\Pipeline.php(183): Illuminate\\Foundation\\Http\\Middleware\\ValidatePostSize->handle(Object(Illuminate\\Http\\Request), Object(Closure))
#19 C:\\Users\\asus\\OneDrive\\Documents\\3. Tel-U Surabaya\\- Codes\\Semester 4 - Bootstrap - Pemrograman Framework\\Week-5\\Modul-4\\vendor\\laravel\\framework\\src\\Illuminate\\Foundation\\Http\\Middleware\\PreventRequestsDuringMaintenance.php(99): Illuminate\\Pipeline\\Pipeline->Illuminate\\Pipeline\\{closure}(Object(Illuminate\\Http\\Request))
#20 C:\\Users\\asus\\OneDrive\\Documents\\3. Tel-U Surabaya\\- Codes\\Semester 4 - Bootstrap - Pemrograman Framework\\Week-5\\Modul-4\\vendor\\laravel\\framework\\src\\Illuminate\\Pipeline\\Pipeline.php(183): Illuminate\\Foundation\\Http\\Middleware\\PreventRequestsDuringMaintenance->handle(Object(Illuminate\\Http\\Request), Object(Closure))
#21 C:\\Users\\asus\\OneDrive\\Documents\\3. Tel-U Surabaya\\- Codes\\Semester 4 - Bootstrap - Pemrograman Framework\\Week-5\\Modul-4\\vendor\\laravel\\framework\\src\\Illuminate\\Http\\Middleware\\HandleCors.php(49): Illuminate\\Pipeline\\Pipeline->Illuminate\\Pipeline\\{closure}(Object(Illuminate\\Http\\Request))
#22 C:\\Users\\asus\\OneDrive\\Documents\\3. Tel-U Surabaya\\- Codes\\Semester 4 - Bootstrap - Pemrograman Framework\\Week-5\\Modul-4\\vendor\\laravel\\framework\\src\\Illuminate\\Pipeline\\Pipeline.php(183): Illuminate\\Http\\Middleware\\HandleCors->handle(Object(Illuminate\\Http\\Request), Object(Closure))
#23 C:\\Users\\asus\\OneDrive\\Documents\\3. Tel-U Surabaya\\- Codes\\Semester 4 - Bootstrap - Pemrograman Framework\\Week-5\\Modul-4\\vendor\\laravel\\framework\\src\\Illuminate\\Http\\Middleware\\TrustProxies.php(39): Illuminate\\Pipeline\\Pipeline->Illuminate\\Pipeline\\{closure}(Object(Illuminate\\Http\\Request))
#24 C:\\Users\\asus\\OneDrive\\Documents\\3. Tel-U Surabaya\\- Codes\\Semester 4 - Bootstrap - Pemrograman Framework\\Week-5\\Modul-4\\vendor\\laravel\\framework\\src\\Illuminate\\Pipeline\\Pipeline.php(183): Illuminate\\Http\\Middleware\\TrustProxies->handle(Object(Illuminate\\Http\\Request), Object(Closure))
#25 C:\\Users\\asus\\OneDrive\\Documents\\3. Tel-U Surabaya\\- Codes\\Semester 4 - Bootstrap - Pemrograman Framework\\Week-5\\Modul-4\\vendor\\laravel\\framework\\src\\Illuminate\\Pipeline\\Pipeline.php(119): Illuminate\\Pipeline\\Pipeline->Illuminate\\Pipeline\\{closure}(Object(Illuminate\\Http\\Request))
#26 C:\\Users\\asus\\OneDrive\\Documents\\3. Tel-U Surabaya\\- Codes\\Semester 4 - Bootstrap - Pemrograman Framework\\Week-5\\Modul-4\\vendor\\laravel\\framework\\src\\Illuminate\\Foundation\\Http\\Kernel.php(175): Illuminate\\Pipeline\\Pipeline->then(Object(Closure))
#27 C:\\Users\\asus\\OneDrive\\Documents\\3. Tel-U Surabaya\\- Codes\\Semester 4 - Bootstrap - Pemrograman Framework\\Week-5\\Modul-4\\vendor\\laravel\\framework\\src\\Illuminate\\Foundation\\Http\\Kernel.php(144): Illuminate\\Foundation\\Http\\Kernel->sendRequestThroughRouter(Object(Illuminate\\Http\\Request))
#28 C:\\Users\\asus\\OneDrive\\Documents\\3. Tel-U Surabaya\\- Codes\\Semester 4 - Bootstrap - Pemrograman Framework\\Week-5\\Modul-4\\public\\index.php(51): Illuminate\\Foundation\\Http\\Kernel->handle(Object(Illuminate\\Http\\Request))
#29 C:\\Users\\asus\\OneDrive\\Documents\\3. Tel-U Surabaya\\- Codes\\Semester 4 - Bootstrap - Pemrograman Framework\\Week-5\\Modul-4\\vendor\\laravel\\framework\\src\\Illuminate\\Foundation\\resources\\server.php(16): require_once('C:\\\\Users\\\\asus\\\\O...')
#30 {main}
"} 
